[  3%] Built target mm_interfaces__cpp
[ 12%] Built target mm_interfaces__rosidl_generator_c
[ 12%] Built target ament_cmake_python_copy_mm_interfaces
[ 22%] Built target mm_interfaces__rosidl_typesupport_introspection_cpp
[ 32%] Built target mm_interfaces__rosidl_typesupport_cpp
[ 41%] Built target mm_interfaces__rosidl_typesupport_fastrtps_cpp
[ 51%] Built target mm_interfaces__rosidl_typesupport_introspection_c
[ 61%] Built target mm_interfaces__rosidl_typesupport_c
[ 70%] Built target mm_interfaces__rosidl_typesupport_fastrtps_c
[ 70%] Built target mm_interfaces
[ 74%] Built target mm_interfaces__py
[ 80%] Built target mm_interfaces__rosidl_generator_py
[ 87%] Built target mm_interfaces__rosidl_typesupport_introspection_c__pyext
[ 93%] Built target mm_interfaces__rosidl_typesupport_fastrtps_c__pyext
[100%] Built target mm_interfaces__rosidl_typesupport_c__pyext
running egg_info
writing mm_interfaces.egg-info/PKG-INFO
writing dependency_links to mm_interfaces.egg-info/dependency_links.txt
writing top-level names to mm_interfaces.egg-info/top_level.txt
reading manifest file 'mm_interfaces.egg-info/SOURCES.txt'
writing manifest file 'mm_interfaces.egg-info/SOURCES.txt'
[100%] Built target ament_cmake_python_build_mm_interfaces_egg
-- Install configuration: ""
-- Up-to-date: /home/nums/uw_mm/install/mm_interfaces/share/ament_index/resource_index/rosidl_interfaces/mm_interfaces
-- Up-to-date: /home/nums/uw_mm/install/mm_interfaces/include/mm_interfaces/mm_interfaces
-- Up-to-date: /home/nums/uw_mm/install/mm_interfaces/include/mm_interfaces/mm_interfaces/msg
-- Up-to-date: /home/nums/uw_mm/install/mm_interfaces/include/mm_interfaces/mm_interfaces/msg/detail
-- Up-to-date: /home/nums/uw_mm/install/mm_interfaces/include/mm_interfaces/mm_interfaces/msg/detail/joystick_buttons__functions.c
-- Up-to-date: /home/nums/uw_mm/install/mm_interfaces/include/mm_interfaces/mm_interfaces/msg/detail/joystick_buttons__type_support.h
-- Up-to-date: /home/nums/uw_mm/install/mm_interfaces/include/mm_interfaces/mm_interfaces/msg/detail/joystick_buttons__struct.h
-- Up-to-date: /home/nums/uw_mm/install/mm_interfaces/include/mm_interfaces/mm_interfaces/msg/detail/joystick_buttons__functions.h
-- Up-to-date: /home/nums/uw_mm/install/mm_interfaces/include/mm_interfaces/mm_interfaces/msg/joystick_buttons.h
-- Up-to-date: /home/nums/uw_mm/install/mm_interfaces/include/mm_interfaces/mm_interfaces/msg/rosidl_generator_c__visibility_control.h
-- Up-to-date: /home/nums/uw_mm/install/mm_interfaces/share/mm_interfaces/environment/library_path.sh
-- Up-to-date: /home/nums/uw_mm/install/mm_interfaces/share/mm_interfaces/environment/library_path.dsv
-- Up-to-date: /home/nums/uw_mm/install/mm_interfaces/lib/libmm_interfaces__rosidl_generator_c.so
-- Up-to-date: /home/nums/uw_mm/install/mm_interfaces/include/mm_interfaces/mm_interfaces
-- Up-to-date: /home/nums/uw_mm/install/mm_interfaces/include/mm_interfaces/mm_interfaces/msg
-- Up-to-date: /home/nums/uw_mm/install/mm_interfaces/include/mm_interfaces/mm_interfaces/msg/detail
-- Up-to-date: /home/nums/uw_mm/install/mm_interfaces/include/mm_interfaces/mm_interfaces/msg/detail/joystick_buttons__rosidl_typesupport_fastrtps_c.h
-- Up-to-date: /home/nums/uw_mm/install/mm_interfaces/include/mm_interfaces/mm_interfaces/msg/rosidl_typesupport_fastrtps_c__visibility_control.h
-- Up-to-date: /home/nums/uw_mm/install/mm_interfaces/lib/libmm_interfaces__rosidl_typesupport_fastrtps_c.so
-- Up-to-date: /home/nums/uw_mm/install/mm_interfaces/include/mm_interfaces/mm_interfaces
-- Up-to-date: /home/nums/uw_mm/install/mm_interfaces/include/mm_interfaces/mm_interfaces/msg
-- Up-to-date: /home/nums/uw_mm/install/mm_interfaces/include/mm_interfaces/mm_interfaces/msg/detail
-- Up-to-date: /home/nums/uw_mm/install/mm_interfaces/include/mm_interfaces/mm_interfaces/msg/detail/joystick_buttons__rosidl_typesupport_introspection_c.h
-- Up-to-date: /home/nums/uw_mm/install/mm_interfaces/include/mm_interfaces/mm_interfaces/msg/detail/joystick_buttons__type_support.c
-- Up-to-date: /home/nums/uw_mm/install/mm_interfaces/include/mm_interfaces/mm_interfaces/msg/rosidl_typesupport_introspection_c__visibility_control.h
-- Up-to-date: /home/nums/uw_mm/install/mm_interfaces/lib/libmm_interfaces__rosidl_typesupport_introspection_c.so
-- Up-to-date: /home/nums/uw_mm/install/mm_interfaces/lib/libmm_interfaces__rosidl_typesupport_c.so
-- Up-to-date: /home/nums/uw_mm/install/mm_interfaces/include/mm_interfaces/mm_interfaces
-- Up-to-date: /home/nums/uw_mm/install/mm_interfaces/include/mm_interfaces/mm_interfaces/msg
-- Up-to-date: /home/nums/uw_mm/install/mm_interfaces/include/mm_interfaces/mm_interfaces/msg/detail
-- Up-to-date: /home/nums/uw_mm/install/mm_interfaces/include/mm_interfaces/mm_interfaces/msg/detail/joystick_buttons__struct.hpp
-- Up-to-date: /home/nums/uw_mm/install/mm_interfaces/include/mm_interfaces/mm_interfaces/msg/detail/joystick_buttons__builder.hpp
-- Up-to-date: /home/nums/uw_mm/install/mm_interfaces/include/mm_interfaces/mm_interfaces/msg/detail/joystick_buttons__traits.hpp
-- Up-to-date: /home/nums/uw_mm/install/mm_interfaces/include/mm_interfaces/mm_interfaces/msg/joystick_buttons.hpp
-- Up-to-date: /home/nums/uw_mm/install/mm_interfaces/include/mm_interfaces/mm_interfaces
-- Up-to-date: /home/nums/uw_mm/install/mm_interfaces/include/mm_interfaces/mm_interfaces/msg
-- Up-to-date: /home/nums/uw_mm/install/mm_interfaces/include/mm_interfaces/mm_interfaces/msg/detail
-- Up-to-date: /home/nums/uw_mm/install/mm_interfaces/include/mm_interfaces/mm_interfaces/msg/detail/dds_fastrtps
-- Up-to-date: /home/nums/uw_mm/install/mm_interfaces/include/mm_interfaces/mm_interfaces/msg/detail/joystick_buttons__rosidl_typesupport_fastrtps_cpp.hpp
-- Up-to-date: /home/nums/uw_mm/install/mm_interfaces/include/mm_interfaces/mm_interfaces/msg/rosidl_typesupport_fastrtps_cpp__visibility_control.h
-- Up-to-date: /home/nums/uw_mm/install/mm_interfaces/lib/libmm_interfaces__rosidl_typesupport_fastrtps_cpp.so
-- Up-to-date: /home/nums/uw_mm/install/mm_interfaces/include/mm_interfaces/mm_interfaces
-- Up-to-date: /home/nums/uw_mm/install/mm_interfaces/include/mm_interfaces/mm_interfaces/msg
-- Up-to-date: /home/nums/uw_mm/install/mm_interfaces/include/mm_interfaces/mm_interfaces/msg/detail
-- Up-to-date: /home/nums/uw_mm/install/mm_interfaces/include/mm_interfaces/mm_interfaces/msg/detail/joystick_buttons__rosidl_typesupport_introspection_cpp.hpp
-- Up-to-date: /home/nums/uw_mm/install/mm_interfaces/include/mm_interfaces/mm_interfaces/msg/detail/joystick_buttons__type_support.cpp
-- Up-to-date: /home/nums/uw_mm/install/mm_interfaces/lib/libmm_interfaces__rosidl_typesupport_introspection_cpp.so
-- Up-to-date: /home/nums/uw_mm/install/mm_interfaces/lib/libmm_interfaces__rosidl_typesupport_cpp.so
-- Up-to-date: /home/nums/uw_mm/install/mm_interfaces/share/mm_interfaces/environment/pythonpath.sh
-- Up-to-date: /home/nums/uw_mm/install/mm_interfaces/share/mm_interfaces/environment/pythonpath.dsv
-- Up-to-date: /home/nums/uw_mm/install/mm_interfaces/local/lib/python3.10/dist-packages/mm_interfaces-0.0.0-py3.10.egg-info
-- Installing: /home/nums/uw_mm/install/mm_interfaces/local/lib/python3.10/dist-packages/mm_interfaces-0.0.0-py3.10.egg-info/dependency_links.txt
-- Installing: /home/nums/uw_mm/install/mm_interfaces/local/lib/python3.10/dist-packages/mm_interfaces-0.0.0-py3.10.egg-info/top_level.txt
-- Installing: /home/nums/uw_mm/install/mm_interfaces/local/lib/python3.10/dist-packages/mm_interfaces-0.0.0-py3.10.egg-info/SOURCES.txt
-- Installing: /home/nums/uw_mm/install/mm_interfaces/local/lib/python3.10/dist-packages/mm_interfaces-0.0.0-py3.10.egg-info/PKG-INFO
-- Up-to-date: /home/nums/uw_mm/install/mm_interfaces/local/lib/python3.10/dist-packages/mm_interfaces
-- Up-to-date: /home/nums/uw_mm/install/mm_interfaces/local/lib/python3.10/dist-packages/mm_interfaces/libmm_interfaces__rosidl_generator_py.so
-- Up-to-date: /home/nums/uw_mm/install/mm_interfaces/local/lib/python3.10/dist-packages/mm_interfaces/mm_interfaces_s__rosidl_typesupport_c.cpython-310-x86_64-linux-gnu.so
-- Up-to-date: /home/nums/uw_mm/install/mm_interfaces/local/lib/python3.10/dist-packages/mm_interfaces/_mm_interfaces_s.ep.rosidl_typesupport_c.c
-- Up-to-date: /home/nums/uw_mm/install/mm_interfaces/local/lib/python3.10/dist-packages/mm_interfaces/_mm_interfaces_s.ep.rosidl_typesupport_fastrtps_c.c
-- Up-to-date: /home/nums/uw_mm/install/mm_interfaces/local/lib/python3.10/dist-packages/mm_interfaces/msg
-- Up-to-date: /home/nums/uw_mm/install/mm_interfaces/local/lib/python3.10/dist-packages/mm_interfaces/msg/_joystick_buttons.py
-- Up-to-date: /home/nums/uw_mm/install/mm_interfaces/local/lib/python3.10/dist-packages/mm_interfaces/msg/__init__.py
-- Up-to-date: /home/nums/uw_mm/install/mm_interfaces/local/lib/python3.10/dist-packages/mm_interfaces/msg/_joystick_buttons_s.c
-- Up-to-date: /home/nums/uw_mm/install/mm_interfaces/local/lib/python3.10/dist-packages/mm_interfaces/__init__.py
-- Up-to-date: /home/nums/uw_mm/install/mm_interfaces/local/lib/python3.10/dist-packages/mm_interfaces/_mm_interfaces_s.ep.rosidl_typesupport_introspection_c.c
-- Up-to-date: /home/nums/uw_mm/install/mm_interfaces/local/lib/python3.10/dist-packages/mm_interfaces/mm_interfaces_s__rosidl_typesupport_introspection_c.cpython-310-x86_64-linux-gnu.so
-- Up-to-date: /home/nums/uw_mm/install/mm_interfaces/local/lib/python3.10/dist-packages/mm_interfaces/mm_interfaces_s__rosidl_typesupport_fastrtps_c.cpython-310-x86_64-linux-gnu.so
Listing '/home/nums/uw_mm/install/mm_interfaces/local/lib/python3.10/dist-packages/mm_interfaces'...
Listing '/home/nums/uw_mm/install/mm_interfaces/local/lib/python3.10/dist-packages/mm_interfaces/msg'...
-- Up-to-date: /home/nums/uw_mm/install/mm_interfaces/local/lib/python3.10/dist-packages/mm_interfaces/mm_interfaces_s__rosidl_typesupport_fastrtps_c.cpython-310-x86_64-linux-gnu.so
-- Up-to-date: /home/nums/uw_mm/install/mm_interfaces/local/lib/python3.10/dist-packages/mm_interfaces/mm_interfaces_s__rosidl_typesupport_introspection_c.cpython-310-x86_64-linux-gnu.so
-- Up-to-date: /home/nums/uw_mm/install/mm_interfaces/local/lib/python3.10/dist-packages/mm_interfaces/mm_interfaces_s__rosidl_typesupport_c.cpython-310-x86_64-linux-gnu.so
-- Up-to-date: /home/nums/uw_mm/install/mm_interfaces/lib/libmm_interfaces__rosidl_generator_py.so
-- Up-to-date: /home/nums/uw_mm/install/mm_interfaces/share/mm_interfaces/msg/JoystickButtons.idl
-- Up-to-date: /home/nums/uw_mm/install/mm_interfaces/share/mm_interfaces/msg/JoystickButtons.msg
-- Up-to-date: /home/nums/uw_mm/install/mm_interfaces/share/ament_index/resource_index/package_run_dependencies/mm_interfaces
-- Up-to-date: /home/nums/uw_mm/install/mm_interfaces/share/ament_index/resource_index/parent_prefix_path/mm_interfaces
-- Up-to-date: /home/nums/uw_mm/install/mm_interfaces/share/mm_interfaces/environment/ament_prefix_path.sh
-- Up-to-date: /home/nums/uw_mm/install/mm_interfaces/share/mm_interfaces/environment/ament_prefix_path.dsv
-- Up-to-date: /home/nums/uw_mm/install/mm_interfaces/share/mm_interfaces/environment/path.sh
-- Up-to-date: /home/nums/uw_mm/install/mm_interfaces/share/mm_interfaces/environment/path.dsv
-- Up-to-date: /home/nums/uw_mm/install/mm_interfaces/share/mm_interfaces/local_setup.bash
-- Up-to-date: /home/nums/uw_mm/install/mm_interfaces/share/mm_interfaces/local_setup.sh
-- Up-to-date: /home/nums/uw_mm/install/mm_interfaces/share/mm_interfaces/local_setup.zsh
-- Up-to-date: /home/nums/uw_mm/install/mm_interfaces/share/mm_interfaces/local_setup.dsv
-- Installing: /home/nums/uw_mm/install/mm_interfaces/share/mm_interfaces/package.dsv
-- Up-to-date: /home/nums/uw_mm/install/mm_interfaces/share/ament_index/resource_index/packages/mm_interfaces
-- Up-to-date: /home/nums/uw_mm/install/mm_interfaces/share/mm_interfaces/cmake/export_mm_interfaces__rosidl_generator_cExport.cmake
-- Up-to-date: /home/nums/uw_mm/install/mm_interfaces/share/mm_interfaces/cmake/export_mm_interfaces__rosidl_generator_cExport-noconfig.cmake
-- Up-to-date: /home/nums/uw_mm/install/mm_interfaces/share/mm_interfaces/cmake/export_mm_interfaces__rosidl_typesupport_fastrtps_cExport.cmake
-- Up-to-date: /home/nums/uw_mm/install/mm_interfaces/share/mm_interfaces/cmake/export_mm_interfaces__rosidl_typesupport_fastrtps_cExport-noconfig.cmake
-- Up-to-date: /home/nums/uw_mm/install/mm_interfaces/share/mm_interfaces/cmake/mm_interfaces__rosidl_typesupport_introspection_cExport.cmake
-- Up-to-date: /home/nums/uw_mm/install/mm_interfaces/share/mm_interfaces/cmake/mm_interfaces__rosidl_typesupport_introspection_cExport-noconfig.cmake
-- Up-to-date: /home/nums/uw_mm/install/mm_interfaces/share/mm_interfaces/cmake/mm_interfaces__rosidl_typesupport_cExport.cmake
-- Up-to-date: /home/nums/uw_mm/install/mm_interfaces/share/mm_interfaces/cmake/mm_interfaces__rosidl_typesupport_cExport-noconfig.cmake
-- Up-to-date: /home/nums/uw_mm/install/mm_interfaces/share/mm_interfaces/cmake/export_mm_interfaces__rosidl_generator_cppExport.cmake
-- Up-to-date: /home/nums/uw_mm/install/mm_interfaces/share/mm_interfaces/cmake/export_mm_interfaces__rosidl_typesupport_fastrtps_cppExport.cmake
-- Up-to-date: /home/nums/uw_mm/install/mm_interfaces/share/mm_interfaces/cmake/export_mm_interfaces__rosidl_typesupport_fastrtps_cppExport-noconfig.cmake
-- Up-to-date: /home/nums/uw_mm/install/mm_interfaces/share/mm_interfaces/cmake/mm_interfaces__rosidl_typesupport_introspection_cppExport.cmake
-- Up-to-date: /home/nums/uw_mm/install/mm_interfaces/share/mm_interfaces/cmake/mm_interfaces__rosidl_typesupport_introspection_cppExport-noconfig.cmake
-- Up-to-date: /home/nums/uw_mm/install/mm_interfaces/share/mm_interfaces/cmake/mm_interfaces__rosidl_typesupport_cppExport.cmake
-- Up-to-date: /home/nums/uw_mm/install/mm_interfaces/share/mm_interfaces/cmake/mm_interfaces__rosidl_typesupport_cppExport-noconfig.cmake
-- Up-to-date: /home/nums/uw_mm/install/mm_interfaces/share/mm_interfaces/cmake/export_mm_interfaces__rosidl_generator_pyExport.cmake
-- Up-to-date: /home/nums/uw_mm/install/mm_interfaces/share/mm_interfaces/cmake/export_mm_interfaces__rosidl_generator_pyExport-noconfig.cmake
-- Up-to-date: /home/nums/uw_mm/install/mm_interfaces/share/mm_interfaces/cmake/rosidl_cmake-extras.cmake
-- Up-to-date: /home/nums/uw_mm/install/mm_interfaces/share/mm_interfaces/cmake/ament_cmake_export_include_directories-extras.cmake
-- Up-to-date: /home/nums/uw_mm/install/mm_interfaces/share/mm_interfaces/cmake/ament_cmake_export_libraries-extras.cmake
-- Up-to-date: /home/nums/uw_mm/install/mm_interfaces/share/mm_interfaces/cmake/ament_cmake_export_targets-extras.cmake
-- Up-to-date: /home/nums/uw_mm/install/mm_interfaces/share/mm_interfaces/cmake/rosidl_cmake_export_typesupport_targets-extras.cmake
-- Up-to-date: /home/nums/uw_mm/install/mm_interfaces/share/mm_interfaces/cmake/ament_cmake_export_dependencies-extras.cmake
-- Up-to-date: /home/nums/uw_mm/install/mm_interfaces/share/mm_interfaces/cmake/rosidl_cmake_export_typesupport_libraries-extras.cmake
-- Up-to-date: /home/nums/uw_mm/install/mm_interfaces/share/mm_interfaces/cmake/mm_interfacesConfig.cmake
-- Up-to-date: /home/nums/uw_mm/install/mm_interfaces/share/mm_interfaces/cmake/mm_interfacesConfig-version.cmake
-- Up-to-date: /home/nums/uw_mm/install/mm_interfaces/share/mm_interfaces/package.xml
