[1.963s] Invoking command in '/home/nums/uw_mm/build/mm_interfaces': CMAKE_PREFIX_PATH=${CMAKE_PREFIX_PATH}:/home/nums/uw_mm/install/mm_client:/opt/ros/humble /usr/bin/cmake --build /home/nums/uw_mm/build/mm_interfaces -- -j8 -l8
[2.325s] [  3%] Built target mm_interfaces__cpp
[2.343s] [ 12%] Built target mm_interfaces__rosidl_generator_c
[2.407s] [ 12%] Built target ament_cmake_python_copy_mm_interfaces
[2.547s] [ 22%] Built target mm_interfaces__rosidl_typesupport_introspection_cpp
[2.569s] [ 32%] Built target mm_interfaces__rosidl_typesupport_cpp
[2.573s] [ 41%] Built target mm_interfaces__rosidl_typesupport_fastrtps_cpp
[2.578s] [ 51%] Built target mm_interfaces__rosidl_typesupport_introspection_c
[2.586s] [ 61%] Built target mm_interfaces__rosidl_typesupport_c
[2.603s] [ 70%] Built target mm_interfaces__rosidl_typesupport_fastrtps_c
[2.735s] [ 70%] Built target mm_interfaces
[2.863s] [ 74%] Built target mm_interfaces__py
[3.010s] [ 80%] Built target mm_interfaces__rosidl_generator_py
[3.207s] [ 87%] Built target mm_interfaces__rosidl_typesupport_introspection_c__pyext
[3.225s] [ 93%] Built target mm_interfaces__rosidl_typesupport_fastrtps_c__pyext
[3.235s] [100%] Built target mm_interfaces__rosidl_typesupport_c__pyext
[4.638s] running egg_info
[4.644s] writing mm_interfaces.egg-info/PKG-INFO
[4.645s] writing dependency_links to mm_interfaces.egg-info/dependency_links.txt
[4.646s] writing top-level names to mm_interfaces.egg-info/top_level.txt
[4.665s] reading manifest file 'mm_interfaces.egg-info/SOURCES.txt'
[4.671s] writing manifest file 'mm_interfaces.egg-info/SOURCES.txt'
[4.828s] [100%] Built target ament_cmake_python_build_mm_interfaces_egg
[4.898s] Invoked command in '/home/nums/uw_mm/build/mm_interfaces' returned '0': CMAKE_PREFIX_PATH=${CMAKE_PREFIX_PATH}:/home/nums/uw_mm/install/mm_client:/opt/ros/humble /usr/bin/cmake --build /home/nums/uw_mm/build/mm_interfaces -- -j8 -l8
[5.454s] Invoking command in '/home/nums/uw_mm/build/mm_interfaces': CMAKE_PREFIX_PATH=${CMAKE_PREFIX_PATH}:/home/nums/uw_mm/install/mm_client:/opt/ros/humble /usr/bin/cmake --install /home/nums/uw_mm/build/mm_interfaces
[5.503s] -- Install configuration: ""
[5.505s] -- Up-to-date: /home/nums/uw_mm/install/mm_interfaces/share/ament_index/resource_index/rosidl_interfaces/mm_interfaces
[5.506s] -- Up-to-date: /home/nums/uw_mm/install/mm_interfaces/include/mm_interfaces/mm_interfaces
[5.506s] -- Up-to-date: /home/nums/uw_mm/install/mm_interfaces/include/mm_interfaces/mm_interfaces/msg
[5.507s] -- Up-to-date: /home/nums/uw_mm/install/mm_interfaces/include/mm_interfaces/mm_interfaces/msg/detail
[5.508s] -- Up-to-date: /home/nums/uw_mm/install/mm_interfaces/include/mm_interfaces/mm_interfaces/msg/detail/joystick_buttons__functions.c
[5.509s] -- Up-to-date: /home/nums/uw_mm/install/mm_interfaces/include/mm_interfaces/mm_interfaces/msg/detail/joystick_buttons__type_support.h
[5.509s] -- Up-to-date: /home/nums/uw_mm/install/mm_interfaces/include/mm_interfaces/mm_interfaces/msg/detail/joystick_buttons__struct.h
[5.510s] -- Up-to-date: /home/nums/uw_mm/install/mm_interfaces/include/mm_interfaces/mm_interfaces/msg/detail/joystick_buttons__functions.h
[5.511s] -- Up-to-date: /home/nums/uw_mm/install/mm_interfaces/include/mm_interfaces/mm_interfaces/msg/joystick_buttons.h
[5.512s] -- Up-to-date: /home/nums/uw_mm/install/mm_interfaces/include/mm_interfaces/mm_interfaces/msg/rosidl_generator_c__visibility_control.h
[5.513s] -- Up-to-date: /home/nums/uw_mm/install/mm_interfaces/share/mm_interfaces/environment/library_path.sh
[5.515s] -- Up-to-date: /home/nums/uw_mm/install/mm_interfaces/share/mm_interfaces/environment/library_path.dsv
[5.516s] -- Up-to-date: /home/nums/uw_mm/install/mm_interfaces/lib/libmm_interfaces__rosidl_generator_c.so
[5.517s] -- Up-to-date: /home/nums/uw_mm/install/mm_interfaces/include/mm_interfaces/mm_interfaces
[5.518s] -- Up-to-date: /home/nums/uw_mm/install/mm_interfaces/include/mm_interfaces/mm_interfaces/msg
[5.519s] -- Up-to-date: /home/nums/uw_mm/install/mm_interfaces/include/mm_interfaces/mm_interfaces/msg/detail
[5.520s] -- Up-to-date: /home/nums/uw_mm/install/mm_interfaces/include/mm_interfaces/mm_interfaces/msg/detail/joystick_buttons__rosidl_typesupport_fastrtps_c.h
[5.521s] -- Up-to-date: /home/nums/uw_mm/install/mm_interfaces/include/mm_interfaces/mm_interfaces/msg/rosidl_typesupport_fastrtps_c__visibility_control.h
[5.522s] -- Up-to-date: /home/nums/uw_mm/install/mm_interfaces/lib/libmm_interfaces__rosidl_typesupport_fastrtps_c.so
[5.526s] -- Up-to-date: /home/nums/uw_mm/install/mm_interfaces/include/mm_interfaces/mm_interfaces
[5.527s] -- Up-to-date: /home/nums/uw_mm/install/mm_interfaces/include/mm_interfaces/mm_interfaces/msg
[5.528s] -- Up-to-date: /home/nums/uw_mm/install/mm_interfaces/include/mm_interfaces/mm_interfaces/msg/detail
[5.529s] -- Up-to-date: /home/nums/uw_mm/install/mm_interfaces/include/mm_interfaces/mm_interfaces/msg/detail/joystick_buttons__rosidl_typesupport_introspection_c.h
[5.530s] -- Up-to-date: /home/nums/uw_mm/install/mm_interfaces/include/mm_interfaces/mm_interfaces/msg/detail/joystick_buttons__type_support.c
[5.532s] -- Up-to-date: /home/nums/uw_mm/install/mm_interfaces/include/mm_interfaces/mm_interfaces/msg/rosidl_typesupport_introspection_c__visibility_control.h
[5.533s] -- Up-to-date: /home/nums/uw_mm/install/mm_interfaces/lib/libmm_interfaces__rosidl_typesupport_introspection_c.so
[5.534s] -- Up-to-date: /home/nums/uw_mm/install/mm_interfaces/lib/libmm_interfaces__rosidl_typesupport_c.so
[5.535s] -- Up-to-date: /home/nums/uw_mm/install/mm_interfaces/include/mm_interfaces/mm_interfaces
[5.536s] -- Up-to-date: /home/nums/uw_mm/install/mm_interfaces/include/mm_interfaces/mm_interfaces/msg
[5.537s] -- Up-to-date: /home/nums/uw_mm/install/mm_interfaces/include/mm_interfaces/mm_interfaces/msg/detail
[5.538s] -- Up-to-date: /home/nums/uw_mm/install/mm_interfaces/include/mm_interfaces/mm_interfaces/msg/detail/joystick_buttons__struct.hpp
[5.540s] -- Up-to-date: /home/nums/uw_mm/install/mm_interfaces/include/mm_interfaces/mm_interfaces/msg/detail/joystick_buttons__builder.hpp
[5.541s] -- Up-to-date: /home/nums/uw_mm/install/mm_interfaces/include/mm_interfaces/mm_interfaces/msg/detail/joystick_buttons__traits.hpp
[5.543s] -- Up-to-date: /home/nums/uw_mm/install/mm_interfaces/include/mm_interfaces/mm_interfaces/msg/joystick_buttons.hpp
[5.544s] -- Up-to-date: /home/nums/uw_mm/install/mm_interfaces/include/mm_interfaces/mm_interfaces
[5.545s] -- Up-to-date: /home/nums/uw_mm/install/mm_interfaces/include/mm_interfaces/mm_interfaces/msg
[5.550s] -- Up-to-date: /home/nums/uw_mm/install/mm_interfaces/include/mm_interfaces/mm_interfaces/msg/detail
[5.551s] -- Up-to-date: /home/nums/uw_mm/install/mm_interfaces/include/mm_interfaces/mm_interfaces/msg/detail/dds_fastrtps
[5.552s] -- Up-to-date: /home/nums/uw_mm/install/mm_interfaces/include/mm_interfaces/mm_interfaces/msg/detail/joystick_buttons__rosidl_typesupport_fastrtps_cpp.hpp
[5.553s] -- Up-to-date: /home/nums/uw_mm/install/mm_interfaces/include/mm_interfaces/mm_interfaces/msg/rosidl_typesupport_fastrtps_cpp__visibility_control.h
[5.553s] -- Up-to-date: /home/nums/uw_mm/install/mm_interfaces/lib/libmm_interfaces__rosidl_typesupport_fastrtps_cpp.so
[5.554s] -- Up-to-date: /home/nums/uw_mm/install/mm_interfaces/include/mm_interfaces/mm_interfaces
[5.555s] -- Up-to-date: /home/nums/uw_mm/install/mm_interfaces/include/mm_interfaces/mm_interfaces/msg
[5.555s] -- Up-to-date: /home/nums/uw_mm/install/mm_interfaces/include/mm_interfaces/mm_interfaces/msg/detail
[5.556s] -- Up-to-date: /home/nums/uw_mm/install/mm_interfaces/include/mm_interfaces/mm_interfaces/msg/detail/joystick_buttons__rosidl_typesupport_introspection_cpp.hpp
[5.557s] -- Up-to-date: /home/nums/uw_mm/install/mm_interfaces/include/mm_interfaces/mm_interfaces/msg/detail/joystick_buttons__type_support.cpp
[5.558s] -- Up-to-date: /home/nums/uw_mm/install/mm_interfaces/lib/libmm_interfaces__rosidl_typesupport_introspection_cpp.so
[5.558s] -- Up-to-date: /home/nums/uw_mm/install/mm_interfaces/lib/libmm_interfaces__rosidl_typesupport_cpp.so
[5.559s] -- Up-to-date: /home/nums/uw_mm/install/mm_interfaces/share/mm_interfaces/environment/pythonpath.sh
[5.560s] -- Up-to-date: /home/nums/uw_mm/install/mm_interfaces/share/mm_interfaces/environment/pythonpath.dsv
[5.561s] -- Up-to-date: /home/nums/uw_mm/install/mm_interfaces/local/lib/python3.10/dist-packages/mm_interfaces-0.0.0-py3.10.egg-info
[5.562s] -- Installing: /home/nums/uw_mm/install/mm_interfaces/local/lib/python3.10/dist-packages/mm_interfaces-0.0.0-py3.10.egg-info/dependency_links.txt
[5.562s] -- Installing: /home/nums/uw_mm/install/mm_interfaces/local/lib/python3.10/dist-packages/mm_interfaces-0.0.0-py3.10.egg-info/top_level.txt
[5.563s] -- Installing: /home/nums/uw_mm/install/mm_interfaces/local/lib/python3.10/dist-packages/mm_interfaces-0.0.0-py3.10.egg-info/SOURCES.txt
[5.564s] -- Installing: /home/nums/uw_mm/install/mm_interfaces/local/lib/python3.10/dist-packages/mm_interfaces-0.0.0-py3.10.egg-info/PKG-INFO
[5.564s] -- Up-to-date: /home/nums/uw_mm/install/mm_interfaces/local/lib/python3.10/dist-packages/mm_interfaces
[5.565s] -- Up-to-date: /home/nums/uw_mm/install/mm_interfaces/local/lib/python3.10/dist-packages/mm_interfaces/libmm_interfaces__rosidl_generator_py.so
[5.565s] -- Up-to-date: /home/nums/uw_mm/install/mm_interfaces/local/lib/python3.10/dist-packages/mm_interfaces/mm_interfaces_s__rosidl_typesupport_c.cpython-310-x86_64-linux-gnu.so
[5.566s] -- Up-to-date: /home/nums/uw_mm/install/mm_interfaces/local/lib/python3.10/dist-packages/mm_interfaces/_mm_interfaces_s.ep.rosidl_typesupport_c.c
[5.566s] -- Up-to-date: /home/nums/uw_mm/install/mm_interfaces/local/lib/python3.10/dist-packages/mm_interfaces/_mm_interfaces_s.ep.rosidl_typesupport_fastrtps_c.c
[5.567s] -- Up-to-date: /home/nums/uw_mm/install/mm_interfaces/local/lib/python3.10/dist-packages/mm_interfaces/msg
[5.567s] -- Up-to-date: /home/nums/uw_mm/install/mm_interfaces/local/lib/python3.10/dist-packages/mm_interfaces/msg/_joystick_buttons.py
[5.568s] -- Up-to-date: /home/nums/uw_mm/install/mm_interfaces/local/lib/python3.10/dist-packages/mm_interfaces/msg/__init__.py
[5.568s] -- Up-to-date: /home/nums/uw_mm/install/mm_interfaces/local/lib/python3.10/dist-packages/mm_interfaces/msg/_joystick_buttons_s.c
[5.569s] -- Up-to-date: /home/nums/uw_mm/install/mm_interfaces/local/lib/python3.10/dist-packages/mm_interfaces/__init__.py
[5.569s] -- Up-to-date: /home/nums/uw_mm/install/mm_interfaces/local/lib/python3.10/dist-packages/mm_interfaces/_mm_interfaces_s.ep.rosidl_typesupport_introspection_c.c
[5.570s] -- Up-to-date: /home/nums/uw_mm/install/mm_interfaces/local/lib/python3.10/dist-packages/mm_interfaces/mm_interfaces_s__rosidl_typesupport_introspection_c.cpython-310-x86_64-linux-gnu.so
[5.570s] -- Up-to-date: /home/nums/uw_mm/install/mm_interfaces/local/lib/python3.10/dist-packages/mm_interfaces/mm_interfaces_s__rosidl_typesupport_fastrtps_c.cpython-310-x86_64-linux-gnu.so
[5.772s] Listing '/home/nums/uw_mm/install/mm_interfaces/local/lib/python3.10/dist-packages/mm_interfaces'...
[5.773s] Listing '/home/nums/uw_mm/install/mm_interfaces/local/lib/python3.10/dist-packages/mm_interfaces/msg'...
[5.798s] -- Up-to-date: /home/nums/uw_mm/install/mm_interfaces/local/lib/python3.10/dist-packages/mm_interfaces/mm_interfaces_s__rosidl_typesupport_fastrtps_c.cpython-310-x86_64-linux-gnu.so
[5.800s] -- Up-to-date: /home/nums/uw_mm/install/mm_interfaces/local/lib/python3.10/dist-packages/mm_interfaces/mm_interfaces_s__rosidl_typesupport_introspection_c.cpython-310-x86_64-linux-gnu.so
[5.803s] -- Up-to-date: /home/nums/uw_mm/install/mm_interfaces/local/lib/python3.10/dist-packages/mm_interfaces/mm_interfaces_s__rosidl_typesupport_c.cpython-310-x86_64-linux-gnu.so
[5.806s] -- Up-to-date: /home/nums/uw_mm/install/mm_interfaces/lib/libmm_interfaces__rosidl_generator_py.so
[5.808s] -- Up-to-date: /home/nums/uw_mm/install/mm_interfaces/share/mm_interfaces/msg/JoystickButtons.idl
[5.811s] -- Up-to-date: /home/nums/uw_mm/install/mm_interfaces/share/mm_interfaces/msg/JoystickButtons.msg
[5.812s] -- Up-to-date: /home/nums/uw_mm/install/mm_interfaces/share/ament_index/resource_index/package_run_dependencies/mm_interfaces
[5.813s] -- Up-to-date: /home/nums/uw_mm/install/mm_interfaces/share/ament_index/resource_index/parent_prefix_path/mm_interfaces
[5.814s] -- Up-to-date: /home/nums/uw_mm/install/mm_interfaces/share/mm_interfaces/environment/ament_prefix_path.sh
[5.815s] -- Up-to-date: /home/nums/uw_mm/install/mm_interfaces/share/mm_interfaces/environment/ament_prefix_path.dsv
[5.816s] -- Up-to-date: /home/nums/uw_mm/install/mm_interfaces/share/mm_interfaces/environment/path.sh
[5.817s] -- Up-to-date: /home/nums/uw_mm/install/mm_interfaces/share/mm_interfaces/environment/path.dsv
[5.818s] -- Up-to-date: /home/nums/uw_mm/install/mm_interfaces/share/mm_interfaces/local_setup.bash
[5.819s] -- Up-to-date: /home/nums/uw_mm/install/mm_interfaces/share/mm_interfaces/local_setup.sh
[5.820s] -- Up-to-date: /home/nums/uw_mm/install/mm_interfaces/share/mm_interfaces/local_setup.zsh
[5.821s] -- Up-to-date: /home/nums/uw_mm/install/mm_interfaces/share/mm_interfaces/local_setup.dsv
[5.822s] -- Installing: /home/nums/uw_mm/install/mm_interfaces/share/mm_interfaces/package.dsv
[5.823s] -- Up-to-date: /home/nums/uw_mm/install/mm_interfaces/share/ament_index/resource_index/packages/mm_interfaces
[5.824s] -- Up-to-date: /home/nums/uw_mm/install/mm_interfaces/share/mm_interfaces/cmake/export_mm_interfaces__rosidl_generator_cExport.cmake
[5.825s] -- Up-to-date: /home/nums/uw_mm/install/mm_interfaces/share/mm_interfaces/cmake/export_mm_interfaces__rosidl_generator_cExport-noconfig.cmake
[5.826s] -- Up-to-date: /home/nums/uw_mm/install/mm_interfaces/share/mm_interfaces/cmake/export_mm_interfaces__rosidl_typesupport_fastrtps_cExport.cmake
[5.827s] -- Up-to-date: /home/nums/uw_mm/install/mm_interfaces/share/mm_interfaces/cmake/export_mm_interfaces__rosidl_typesupport_fastrtps_cExport-noconfig.cmake
[5.828s] -- Up-to-date: /home/nums/uw_mm/install/mm_interfaces/share/mm_interfaces/cmake/mm_interfaces__rosidl_typesupport_introspection_cExport.cmake
[5.829s] -- Up-to-date: /home/nums/uw_mm/install/mm_interfaces/share/mm_interfaces/cmake/mm_interfaces__rosidl_typesupport_introspection_cExport-noconfig.cmake
[5.830s] -- Up-to-date: /home/nums/uw_mm/install/mm_interfaces/share/mm_interfaces/cmake/mm_interfaces__rosidl_typesupport_cExport.cmake
[5.831s] -- Up-to-date: /home/nums/uw_mm/install/mm_interfaces/share/mm_interfaces/cmake/mm_interfaces__rosidl_typesupport_cExport-noconfig.cmake
[5.832s] -- Up-to-date: /home/nums/uw_mm/install/mm_interfaces/share/mm_interfaces/cmake/export_mm_interfaces__rosidl_generator_cppExport.cmake
[5.833s] -- Up-to-date: /home/nums/uw_mm/install/mm_interfaces/share/mm_interfaces/cmake/export_mm_interfaces__rosidl_typesupport_fastrtps_cppExport.cmake
[5.834s] -- Up-to-date: /home/nums/uw_mm/install/mm_interfaces/share/mm_interfaces/cmake/export_mm_interfaces__rosidl_typesupport_fastrtps_cppExport-noconfig.cmake
[5.835s] -- Up-to-date: /home/nums/uw_mm/install/mm_interfaces/share/mm_interfaces/cmake/mm_interfaces__rosidl_typesupport_introspection_cppExport.cmake
[5.836s] -- Up-to-date: /home/nums/uw_mm/install/mm_interfaces/share/mm_interfaces/cmake/mm_interfaces__rosidl_typesupport_introspection_cppExport-noconfig.cmake
[5.836s] -- Up-to-date: /home/nums/uw_mm/install/mm_interfaces/share/mm_interfaces/cmake/mm_interfaces__rosidl_typesupport_cppExport.cmake
[5.837s] -- Up-to-date: /home/nums/uw_mm/install/mm_interfaces/share/mm_interfaces/cmake/mm_interfaces__rosidl_typesupport_cppExport-noconfig.cmake
[5.837s] -- Up-to-date: /home/nums/uw_mm/install/mm_interfaces/share/mm_interfaces/cmake/export_mm_interfaces__rosidl_generator_pyExport.cmake
[5.838s] -- Up-to-date: /home/nums/uw_mm/install/mm_interfaces/share/mm_interfaces/cmake/export_mm_interfaces__rosidl_generator_pyExport-noconfig.cmake
[5.838s] -- Up-to-date: /home/nums/uw_mm/install/mm_interfaces/share/mm_interfaces/cmake/rosidl_cmake-extras.cmake
[5.839s] -- Up-to-date: /home/nums/uw_mm/install/mm_interfaces/share/mm_interfaces/cmake/ament_cmake_export_include_directories-extras.cmake
[5.839s] -- Up-to-date: /home/nums/uw_mm/install/mm_interfaces/share/mm_interfaces/cmake/ament_cmake_export_libraries-extras.cmake
[5.840s] -- Up-to-date: /home/nums/uw_mm/install/mm_interfaces/share/mm_interfaces/cmake/ament_cmake_export_targets-extras.cmake
[5.840s] -- Up-to-date: /home/nums/uw_mm/install/mm_interfaces/share/mm_interfaces/cmake/rosidl_cmake_export_typesupport_targets-extras.cmake
[5.841s] -- Up-to-date: /home/nums/uw_mm/install/mm_interfaces/share/mm_interfaces/cmake/ament_cmake_export_dependencies-extras.cmake
[5.841s] -- Up-to-date: /home/nums/uw_mm/install/mm_interfaces/share/mm_interfaces/cmake/rosidl_cmake_export_typesupport_libraries-extras.cmake
[5.841s] -- Up-to-date: /home/nums/uw_mm/install/mm_interfaces/share/mm_interfaces/cmake/mm_interfacesConfig.cmake
[5.842s] -- Up-to-date: /home/nums/uw_mm/install/mm_interfaces/share/mm_interfaces/cmake/mm_interfacesConfig-version.cmake
[5.842s] -- Up-to-date: /home/nums/uw_mm/install/mm_interfaces/share/mm_interfaces/package.xml
[5.849s] Invoked command in '/home/nums/uw_mm/build/mm_interfaces' returned '0': CMAKE_PREFIX_PATH=${CMAKE_PREFIX_PATH}:/home/nums/uw_mm/install/mm_client:/opt/ros/humble /usr/bin/cmake --install /home/nums/uw_mm/build/mm_interfaces
