[2.215s] Invoking command in '/home/nums/uw_mm/build/mm_interfaces': CMAKE_PREFIX_PATH=/opt/ros/humble /usr/bin/cmake --build /home/nums/uw_mm/build/mm_interfaces -- -j8 -l8
[2.565s] [  9%] Built target mm_interfaces__rosidl_generator_c
[2.569s] [ 12%] Built target mm_interfaces__cpp
[2.655s] [ 12%] Built target ament_cmake_python_copy_mm_interfaces
[2.775s] [ 22%] Built target mm_interfaces__rosidl_typesupport_fastrtps_c
[2.780s] [ 32%] Built target mm_interfaces__rosidl_typesupport_c
[2.799s] [ 41%] Built target mm_interfaces__rosidl_typesupport_introspection_c
[2.861s] [ 51%] Built target mm_interfaces__rosidl_typesupport_fastrtps_cpp
[2.871s] [ 61%] Built target mm_interfaces__rosidl_typesupport_introspection_cpp
[2.888s] [ 70%] Built target mm_interfaces__rosidl_typesupport_cpp
[3.015s] [ 70%] Built target mm_interfaces
[3.150s] [ 74%] Built target mm_interfaces__py
[3.318s] [ 80%] Built target mm_interfaces__rosidl_generator_py
[3.516s] [ 87%] Built target mm_interfaces__rosidl_typesupport_introspection_c__pyext
[3.517s] [ 96%] Built target mm_interfaces__rosidl_typesupport_c__pyext
[3.519s] [100%] Built target mm_interfaces__rosidl_typesupport_fastrtps_c__pyext
[4.800s] running egg_info
[4.806s] writing mm_interfaces.egg-info/PKG-INFO
[4.808s] writing dependency_links to mm_interfaces.egg-info/dependency_links.txt
[4.809s] writing top-level names to mm_interfaces.egg-info/top_level.txt
[4.826s] reading manifest file 'mm_interfaces.egg-info/SOURCES.txt'
[4.830s] writing manifest file 'mm_interfaces.egg-info/SOURCES.txt'
[4.978s] [100%] Built target ament_cmake_python_build_mm_interfaces_egg
[5.054s] Invoked command in '/home/nums/uw_mm/build/mm_interfaces' returned '0': CMAKE_PREFIX_PATH=/opt/ros/humble /usr/bin/cmake --build /home/nums/uw_mm/build/mm_interfaces -- -j8 -l8
[5.591s] Invoking command in '/home/nums/uw_mm/build/mm_interfaces': CMAKE_PREFIX_PATH=/opt/ros/humble /usr/bin/cmake --install /home/nums/uw_mm/build/mm_interfaces
[5.648s] -- Install configuration: ""
[5.649s] -- Up-to-date: /home/nums/uw_mm/install/mm_interfaces/share/ament_index/resource_index/rosidl_interfaces/mm_interfaces
[5.651s] -- Up-to-date: /home/nums/uw_mm/install/mm_interfaces/include/mm_interfaces/mm_interfaces
[5.652s] -- Up-to-date: /home/nums/uw_mm/install/mm_interfaces/include/mm_interfaces/mm_interfaces/msg
[5.654s] -- Up-to-date: /home/nums/uw_mm/install/mm_interfaces/include/mm_interfaces/mm_interfaces/msg/detail
[5.654s] -- Up-to-date: /home/nums/uw_mm/install/mm_interfaces/include/mm_interfaces/mm_interfaces/msg/detail/joystick_buttons__functions.c
[5.655s] -- Up-to-date: /home/nums/uw_mm/install/mm_interfaces/include/mm_interfaces/mm_interfaces/msg/detail/joystick_buttons__type_support.h
[5.656s] -- Up-to-date: /home/nums/uw_mm/install/mm_interfaces/include/mm_interfaces/mm_interfaces/msg/detail/joystick_buttons__struct.h
[5.657s] -- Up-to-date: /home/nums/uw_mm/install/mm_interfaces/include/mm_interfaces/mm_interfaces/msg/detail/joystick_buttons__functions.h
[5.658s] -- Up-to-date: /home/nums/uw_mm/install/mm_interfaces/include/mm_interfaces/mm_interfaces/msg/joystick_buttons.h
[5.659s] -- Up-to-date: /home/nums/uw_mm/install/mm_interfaces/include/mm_interfaces/mm_interfaces/msg/rosidl_generator_c__visibility_control.h
[5.662s] -- Up-to-date: /home/nums/uw_mm/install/mm_interfaces/share/mm_interfaces/environment/library_path.sh
[5.663s] -- Up-to-date: /home/nums/uw_mm/install/mm_interfaces/share/mm_interfaces/environment/library_path.dsv
[5.664s] -- Up-to-date: /home/nums/uw_mm/install/mm_interfaces/lib/libmm_interfaces__rosidl_generator_c.so
[5.665s] -- Up-to-date: /home/nums/uw_mm/install/mm_interfaces/include/mm_interfaces/mm_interfaces
[5.666s] -- Up-to-date: /home/nums/uw_mm/install/mm_interfaces/include/mm_interfaces/mm_interfaces/msg
[5.669s] -- Up-to-date: /home/nums/uw_mm/install/mm_interfaces/include/mm_interfaces/mm_interfaces/msg/detail
[5.671s] -- Up-to-date: /home/nums/uw_mm/install/mm_interfaces/include/mm_interfaces/mm_interfaces/msg/detail/joystick_buttons__rosidl_typesupport_fastrtps_c.h
[5.673s] -- Up-to-date: /home/nums/uw_mm/install/mm_interfaces/include/mm_interfaces/mm_interfaces/msg/rosidl_typesupport_fastrtps_c__visibility_control.h
[5.675s] -- Up-to-date: /home/nums/uw_mm/install/mm_interfaces/lib/libmm_interfaces__rosidl_typesupport_fastrtps_c.so
[5.676s] -- Up-to-date: /home/nums/uw_mm/install/mm_interfaces/include/mm_interfaces/mm_interfaces
[5.677s] -- Up-to-date: /home/nums/uw_mm/install/mm_interfaces/include/mm_interfaces/mm_interfaces/msg
[5.678s] -- Up-to-date: /home/nums/uw_mm/install/mm_interfaces/include/mm_interfaces/mm_interfaces/msg/detail
[5.679s] -- Up-to-date: /home/nums/uw_mm/install/mm_interfaces/include/mm_interfaces/mm_interfaces/msg/detail/joystick_buttons__rosidl_typesupport_introspection_c.h
[5.679s] -- Up-to-date: /home/nums/uw_mm/install/mm_interfaces/include/mm_interfaces/mm_interfaces/msg/detail/joystick_buttons__type_support.c
[5.680s] -- Up-to-date: /home/nums/uw_mm/install/mm_interfaces/include/mm_interfaces/mm_interfaces/msg/rosidl_typesupport_introspection_c__visibility_control.h
[5.681s] -- Up-to-date: /home/nums/uw_mm/install/mm_interfaces/lib/libmm_interfaces__rosidl_typesupport_introspection_c.so
[5.682s] -- Up-to-date: /home/nums/uw_mm/install/mm_interfaces/lib/libmm_interfaces__rosidl_typesupport_c.so
[5.682s] -- Up-to-date: /home/nums/uw_mm/install/mm_interfaces/include/mm_interfaces/mm_interfaces
[5.683s] -- Up-to-date: /home/nums/uw_mm/install/mm_interfaces/include/mm_interfaces/mm_interfaces/msg
[5.684s] -- Up-to-date: /home/nums/uw_mm/install/mm_interfaces/include/mm_interfaces/mm_interfaces/msg/detail
[5.685s] -- Up-to-date: /home/nums/uw_mm/install/mm_interfaces/include/mm_interfaces/mm_interfaces/msg/detail/joystick_buttons__struct.hpp
[5.685s] -- Up-to-date: /home/nums/uw_mm/install/mm_interfaces/include/mm_interfaces/mm_interfaces/msg/detail/joystick_buttons__builder.hpp
[5.686s] -- Up-to-date: /home/nums/uw_mm/install/mm_interfaces/include/mm_interfaces/mm_interfaces/msg/detail/joystick_buttons__traits.hpp
[5.686s] -- Up-to-date: /home/nums/uw_mm/install/mm_interfaces/include/mm_interfaces/mm_interfaces/msg/joystick_buttons.hpp
[5.687s] -- Up-to-date: /home/nums/uw_mm/install/mm_interfaces/include/mm_interfaces/mm_interfaces
[5.687s] -- Up-to-date: /home/nums/uw_mm/install/mm_interfaces/include/mm_interfaces/mm_interfaces/msg
[5.688s] -- Up-to-date: /home/nums/uw_mm/install/mm_interfaces/include/mm_interfaces/mm_interfaces/msg/detail
[5.688s] -- Up-to-date: /home/nums/uw_mm/install/mm_interfaces/include/mm_interfaces/mm_interfaces/msg/detail/dds_fastrtps
[5.689s] -- Up-to-date: /home/nums/uw_mm/install/mm_interfaces/include/mm_interfaces/mm_interfaces/msg/detail/joystick_buttons__rosidl_typesupport_fastrtps_cpp.hpp
[5.690s] -- Up-to-date: /home/nums/uw_mm/install/mm_interfaces/include/mm_interfaces/mm_interfaces/msg/rosidl_typesupport_fastrtps_cpp__visibility_control.h
[5.690s] -- Up-to-date: /home/nums/uw_mm/install/mm_interfaces/lib/libmm_interfaces__rosidl_typesupport_fastrtps_cpp.so
[5.691s] -- Up-to-date: /home/nums/uw_mm/install/mm_interfaces/include/mm_interfaces/mm_interfaces
[5.691s] -- Up-to-date: /home/nums/uw_mm/install/mm_interfaces/include/mm_interfaces/mm_interfaces/msg
[5.692s] -- Up-to-date: /home/nums/uw_mm/install/mm_interfaces/include/mm_interfaces/mm_interfaces/msg/detail
[5.693s] -- Up-to-date: /home/nums/uw_mm/install/mm_interfaces/include/mm_interfaces/mm_interfaces/msg/detail/joystick_buttons__rosidl_typesupport_introspection_cpp.hpp
[5.693s] -- Up-to-date: /home/nums/uw_mm/install/mm_interfaces/include/mm_interfaces/mm_interfaces/msg/detail/joystick_buttons__type_support.cpp
[5.694s] -- Up-to-date: /home/nums/uw_mm/install/mm_interfaces/lib/libmm_interfaces__rosidl_typesupport_introspection_cpp.so
[5.694s] -- Up-to-date: /home/nums/uw_mm/install/mm_interfaces/lib/libmm_interfaces__rosidl_typesupport_cpp.so
[5.695s] -- Up-to-date: /home/nums/uw_mm/install/mm_interfaces/share/mm_interfaces/environment/pythonpath.sh
[5.696s] -- Up-to-date: /home/nums/uw_mm/install/mm_interfaces/share/mm_interfaces/environment/pythonpath.dsv
[5.696s] -- Up-to-date: /home/nums/uw_mm/install/mm_interfaces/local/lib/python3.10/dist-packages/mm_interfaces-0.0.0-py3.10.egg-info
[5.697s] -- Installing: /home/nums/uw_mm/install/mm_interfaces/local/lib/python3.10/dist-packages/mm_interfaces-0.0.0-py3.10.egg-info/dependency_links.txt
[5.699s] -- Installing: /home/nums/uw_mm/install/mm_interfaces/local/lib/python3.10/dist-packages/mm_interfaces-0.0.0-py3.10.egg-info/top_level.txt
[5.701s] -- Installing: /home/nums/uw_mm/install/mm_interfaces/local/lib/python3.10/dist-packages/mm_interfaces-0.0.0-py3.10.egg-info/SOURCES.txt
[5.702s] -- Installing: /home/nums/uw_mm/install/mm_interfaces/local/lib/python3.10/dist-packages/mm_interfaces-0.0.0-py3.10.egg-info/PKG-INFO
[5.702s] -- Up-to-date: /home/nums/uw_mm/install/mm_interfaces/local/lib/python3.10/dist-packages/mm_interfaces
[5.703s] -- Up-to-date: /home/nums/uw_mm/install/mm_interfaces/local/lib/python3.10/dist-packages/mm_interfaces/libmm_interfaces__rosidl_generator_py.so
[5.704s] -- Up-to-date: /home/nums/uw_mm/install/mm_interfaces/local/lib/python3.10/dist-packages/mm_interfaces/mm_interfaces_s__rosidl_typesupport_c.cpython-310-x86_64-linux-gnu.so
[5.705s] -- Up-to-date: /home/nums/uw_mm/install/mm_interfaces/local/lib/python3.10/dist-packages/mm_interfaces/_mm_interfaces_s.ep.rosidl_typesupport_c.c
[5.706s] -- Up-to-date: /home/nums/uw_mm/install/mm_interfaces/local/lib/python3.10/dist-packages/mm_interfaces/_mm_interfaces_s.ep.rosidl_typesupport_fastrtps_c.c
[5.707s] -- Up-to-date: /home/nums/uw_mm/install/mm_interfaces/local/lib/python3.10/dist-packages/mm_interfaces/msg
[5.709s] -- Up-to-date: /home/nums/uw_mm/install/mm_interfaces/local/lib/python3.10/dist-packages/mm_interfaces/msg/_joystick_buttons.py
[5.709s] -- Up-to-date: /home/nums/uw_mm/install/mm_interfaces/local/lib/python3.10/dist-packages/mm_interfaces/msg/__init__.py
[5.710s] -- Up-to-date: /home/nums/uw_mm/install/mm_interfaces/local/lib/python3.10/dist-packages/mm_interfaces/msg/_joystick_buttons_s.c
[5.711s] -- Up-to-date: /home/nums/uw_mm/install/mm_interfaces/local/lib/python3.10/dist-packages/mm_interfaces/__init__.py
[5.712s] -- Up-to-date: /home/nums/uw_mm/install/mm_interfaces/local/lib/python3.10/dist-packages/mm_interfaces/_mm_interfaces_s.ep.rosidl_typesupport_introspection_c.c
[5.713s] -- Up-to-date: /home/nums/uw_mm/install/mm_interfaces/local/lib/python3.10/dist-packages/mm_interfaces/mm_interfaces_s__rosidl_typesupport_introspection_c.cpython-310-x86_64-linux-gnu.so
[5.714s] -- Up-to-date: /home/nums/uw_mm/install/mm_interfaces/local/lib/python3.10/dist-packages/mm_interfaces/mm_interfaces_s__rosidl_typesupport_fastrtps_c.cpython-310-x86_64-linux-gnu.so
[5.906s] Listing '/home/nums/uw_mm/install/mm_interfaces/local/lib/python3.10/dist-packages/mm_interfaces'...
[5.907s] Listing '/home/nums/uw_mm/install/mm_interfaces/local/lib/python3.10/dist-packages/mm_interfaces/msg'...
[5.934s] -- Up-to-date: /home/nums/uw_mm/install/mm_interfaces/local/lib/python3.10/dist-packages/mm_interfaces/mm_interfaces_s__rosidl_typesupport_fastrtps_c.cpython-310-x86_64-linux-gnu.so
[5.937s] -- Up-to-date: /home/nums/uw_mm/install/mm_interfaces/local/lib/python3.10/dist-packages/mm_interfaces/mm_interfaces_s__rosidl_typesupport_introspection_c.cpython-310-x86_64-linux-gnu.so
[5.939s] -- Up-to-date: /home/nums/uw_mm/install/mm_interfaces/local/lib/python3.10/dist-packages/mm_interfaces/mm_interfaces_s__rosidl_typesupport_c.cpython-310-x86_64-linux-gnu.so
[5.943s] -- Up-to-date: /home/nums/uw_mm/install/mm_interfaces/lib/libmm_interfaces__rosidl_generator_py.so
[5.944s] -- Up-to-date: /home/nums/uw_mm/install/mm_interfaces/share/mm_interfaces/msg/JoystickButtons.idl
[5.946s] -- Up-to-date: /home/nums/uw_mm/install/mm_interfaces/share/mm_interfaces/msg/JoystickButtons.msg
[5.947s] -- Up-to-date: /home/nums/uw_mm/install/mm_interfaces/share/ament_index/resource_index/package_run_dependencies/mm_interfaces
[5.948s] -- Up-to-date: /home/nums/uw_mm/install/mm_interfaces/share/ament_index/resource_index/parent_prefix_path/mm_interfaces
[5.949s] -- Up-to-date: /home/nums/uw_mm/install/mm_interfaces/share/mm_interfaces/environment/ament_prefix_path.sh
[5.950s] -- Up-to-date: /home/nums/uw_mm/install/mm_interfaces/share/mm_interfaces/environment/ament_prefix_path.dsv
[5.951s] -- Up-to-date: /home/nums/uw_mm/install/mm_interfaces/share/mm_interfaces/environment/path.sh
[5.952s] -- Up-to-date: /home/nums/uw_mm/install/mm_interfaces/share/mm_interfaces/environment/path.dsv
[5.954s] -- Up-to-date: /home/nums/uw_mm/install/mm_interfaces/share/mm_interfaces/local_setup.bash
[5.955s] -- Up-to-date: /home/nums/uw_mm/install/mm_interfaces/share/mm_interfaces/local_setup.sh
[5.955s] -- Up-to-date: /home/nums/uw_mm/install/mm_interfaces/share/mm_interfaces/local_setup.zsh
[5.957s] -- Up-to-date: /home/nums/uw_mm/install/mm_interfaces/share/mm_interfaces/local_setup.dsv
[5.958s] -- Installing: /home/nums/uw_mm/install/mm_interfaces/share/mm_interfaces/package.dsv
[5.959s] -- Up-to-date: /home/nums/uw_mm/install/mm_interfaces/share/ament_index/resource_index/packages/mm_interfaces
[5.961s] -- Up-to-date: /home/nums/uw_mm/install/mm_interfaces/share/mm_interfaces/cmake/export_mm_interfaces__rosidl_generator_cExport.cmake
[5.962s] -- Up-to-date: /home/nums/uw_mm/install/mm_interfaces/share/mm_interfaces/cmake/export_mm_interfaces__rosidl_generator_cExport-noconfig.cmake
[5.963s] -- Up-to-date: /home/nums/uw_mm/install/mm_interfaces/share/mm_interfaces/cmake/export_mm_interfaces__rosidl_typesupport_fastrtps_cExport.cmake
[5.965s] -- Up-to-date: /home/nums/uw_mm/install/mm_interfaces/share/mm_interfaces/cmake/export_mm_interfaces__rosidl_typesupport_fastrtps_cExport-noconfig.cmake
[5.966s] -- Up-to-date: /home/nums/uw_mm/install/mm_interfaces/share/mm_interfaces/cmake/mm_interfaces__rosidl_typesupport_introspection_cExport.cmake
[5.967s] -- Up-to-date: /home/nums/uw_mm/install/mm_interfaces/share/mm_interfaces/cmake/mm_interfaces__rosidl_typesupport_introspection_cExport-noconfig.cmake
[5.968s] -- Up-to-date: /home/nums/uw_mm/install/mm_interfaces/share/mm_interfaces/cmake/mm_interfaces__rosidl_typesupport_cExport.cmake
[5.969s] -- Up-to-date: /home/nums/uw_mm/install/mm_interfaces/share/mm_interfaces/cmake/mm_interfaces__rosidl_typesupport_cExport-noconfig.cmake
[5.970s] -- Up-to-date: /home/nums/uw_mm/install/mm_interfaces/share/mm_interfaces/cmake/export_mm_interfaces__rosidl_generator_cppExport.cmake
[5.971s] -- Up-to-date: /home/nums/uw_mm/install/mm_interfaces/share/mm_interfaces/cmake/export_mm_interfaces__rosidl_typesupport_fastrtps_cppExport.cmake
[5.972s] -- Up-to-date: /home/nums/uw_mm/install/mm_interfaces/share/mm_interfaces/cmake/export_mm_interfaces__rosidl_typesupport_fastrtps_cppExport-noconfig.cmake
[5.974s] -- Up-to-date: /home/nums/uw_mm/install/mm_interfaces/share/mm_interfaces/cmake/mm_interfaces__rosidl_typesupport_introspection_cppExport.cmake
[5.977s] -- Up-to-date: /home/nums/uw_mm/install/mm_interfaces/share/mm_interfaces/cmake/mm_interfaces__rosidl_typesupport_introspection_cppExport-noconfig.cmake
[5.978s] -- Up-to-date: /home/nums/uw_mm/install/mm_interfaces/share/mm_interfaces/cmake/mm_interfaces__rosidl_typesupport_cppExport.cmake
[5.981s] -- Up-to-date: /home/nums/uw_mm/install/mm_interfaces/share/mm_interfaces/cmake/mm_interfaces__rosidl_typesupport_cppExport-noconfig.cmake
[5.983s] -- Up-to-date: /home/nums/uw_mm/install/mm_interfaces/share/mm_interfaces/cmake/export_mm_interfaces__rosidl_generator_pyExport.cmake
[5.984s] -- Up-to-date: /home/nums/uw_mm/install/mm_interfaces/share/mm_interfaces/cmake/export_mm_interfaces__rosidl_generator_pyExport-noconfig.cmake
[5.985s] -- Up-to-date: /home/nums/uw_mm/install/mm_interfaces/share/mm_interfaces/cmake/rosidl_cmake-extras.cmake
[5.987s] -- Up-to-date: /home/nums/uw_mm/install/mm_interfaces/share/mm_interfaces/cmake/ament_cmake_export_include_directories-extras.cmake
[5.988s] -- Up-to-date: /home/nums/uw_mm/install/mm_interfaces/share/mm_interfaces/cmake/ament_cmake_export_libraries-extras.cmake
[5.989s] -- Up-to-date: /home/nums/uw_mm/install/mm_interfaces/share/mm_interfaces/cmake/ament_cmake_export_targets-extras.cmake
[5.990s] -- Up-to-date: /home/nums/uw_mm/install/mm_interfaces/share/mm_interfaces/cmake/rosidl_cmake_export_typesupport_targets-extras.cmake
[5.991s] -- Up-to-date: /home/nums/uw_mm/install/mm_interfaces/share/mm_interfaces/cmake/ament_cmake_export_dependencies-extras.cmake
[5.993s] -- Up-to-date: /home/nums/uw_mm/install/mm_interfaces/share/mm_interfaces/cmake/rosidl_cmake_export_typesupport_libraries-extras.cmake
[5.994s] -- Up-to-date: /home/nums/uw_mm/install/mm_interfaces/share/mm_interfaces/cmake/mm_interfacesConfig.cmake
[5.996s] -- Up-to-date: /home/nums/uw_mm/install/mm_interfaces/share/mm_interfaces/cmake/mm_interfacesConfig-version.cmake
[5.997s] -- Up-to-date: /home/nums/uw_mm/install/mm_interfaces/share/mm_interfaces/package.xml
[5.999s] Invoked command in '/home/nums/uw_mm/build/mm_interfaces' returned '0': CMAKE_PREFIX_PATH=/opt/ros/humble /usr/bin/cmake --install /home/nums/uw_mm/build/mm_interfaces
