[5.124s] Invoking command in '/home/nums/uw_mm/src/mm_client': PYTHONPATH=/home/nums/uw_mm/build/mm_client/prefix_override:/usr/lib/python3/dist-packages/colcon_core/task/python/colcon_distutils_commands:/home/nums/uw_mm/install/mm_client/lib/python3.10/site-packages:${PYTHONPATH} /usr/bin/python3 -W ignore:setup.py install is deprecated setup.py egg_info --egg-base ../../build/mm_client build --build-base /home/nums/uw_mm/build/mm_client/build install --record /home/nums/uw_mm/build/mm_client/install.log --single-version-externally-managed install_data
[7.087s] running egg_info
[7.091s] writing ../../build/mm_client/mm_client.egg-info/PKG-INFO
[7.092s] writing dependency_links to ../../build/mm_client/mm_client.egg-info/dependency_links.txt
[7.094s] writing entry points to ../../build/mm_client/mm_client.egg-info/entry_points.txt
[7.095s] writing requirements to ../../build/mm_client/mm_client.egg-info/requires.txt
[7.096s] writing top-level names to ../../build/mm_client/mm_client.egg-info/top_level.txt
[7.109s] reading manifest file '../../build/mm_client/mm_client.egg-info/SOURCES.txt'
[7.115s] writing manifest file '../../build/mm_client/mm_client.egg-info/SOURCES.txt'
[7.116s] running build
[7.117s] running build_py
[7.118s] copying mm_client/mm_client_node.py -> /home/nums/uw_mm/build/mm_client/build/lib/mm_client
[7.124s] running install
[7.126s] running install_lib
[7.132s] copying /home/nums/uw_mm/build/mm_client/build/lib/mm_client/mm_client_node.py -> /home/nums/uw_mm/install/mm_client/lib/python3.10/site-packages/mm_client
[7.136s] byte-compiling /home/nums/uw_mm/install/mm_client/lib/python3.10/site-packages/mm_client/mm_client_node.py to mm_client_node.cpython-310.pyc
[7.141s] running install_data
[7.142s] running install_egg_info
[7.155s] removing '/home/nums/uw_mm/install/mm_client/lib/python3.10/site-packages/mm_client-0.0.0-py3.10.egg-info' (and everything under it)
[7.157s] Copying ../../build/mm_client/mm_client.egg-info to /home/nums/uw_mm/install/mm_client/lib/python3.10/site-packages/mm_client-0.0.0-py3.10.egg-info
[7.163s] running install_scripts
[7.339s] Installing mm_client_node script to /home/nums/uw_mm/install/mm_client/lib/mm_client
[7.346s] writing list of installed files to '/home/nums/uw_mm/build/mm_client/install.log'
[7.471s] Invoked command in '/home/nums/uw_mm/src/mm_client' returned '0': PYTHONPATH=/home/nums/uw_mm/build/mm_client/prefix_override:/usr/lib/python3/dist-packages/colcon_core/task/python/colcon_distutils_commands:/home/nums/uw_mm/install/mm_client/lib/python3.10/site-packages:${PYTHONPATH} /usr/bin/python3 -W ignore:setup.py install is deprecated setup.py egg_info --egg-base ../../build/mm_client build --build-base /home/nums/uw_mm/build/mm_client/build install --record /home/nums/uw_mm/build/mm_client/install.log --single-version-externally-managed install_data
