[5.180s] Invoking command in '/home/nums/uw_mm/src/mm_client': PYTHONPATH=/home/nums/uw_mm/build/mm_client/prefix_override:/usr/lib/python3/dist-packages/colcon_core/task/python/colcon_distutils_commands:/home/nums/uw_mm/install/mm_client/lib/python3.10/site-packages:${PYTHONPATH} /usr/bin/python3 -W ignore:setup.py install is deprecated setup.py egg_info --egg-base ../../build/mm_client build --build-base /home/nums/uw_mm/build/mm_client/build install --record /home/nums/uw_mm/build/mm_client/install.log --single-version-externally-managed install_data
[7.198s] running egg_info
[7.203s] writing ../../build/mm_client/mm_client.egg-info/PKG-INFO
[7.204s] writing dependency_links to ../../build/mm_client/mm_client.egg-info/dependency_links.txt
[7.205s] writing entry points to ../../build/mm_client/mm_client.egg-info/entry_points.txt
[7.206s] writing requirements to ../../build/mm_client/mm_client.egg-info/requires.txt
[7.207s] writing top-level names to ../../build/mm_client/mm_client.egg-info/top_level.txt
[7.221s] reading manifest file '../../build/mm_client/mm_client.egg-info/SOURCES.txt'
[7.228s] writing manifest file '../../build/mm_client/mm_client.egg-info/SOURCES.txt'
[7.228s] running build
[7.229s] running build_py
[7.231s] copying mm_client/mm_client_node.py -> /home/nums/uw_mm/build/mm_client/build/lib/mm_client
[7.240s] running install
[7.242s] running install_lib
[7.248s] copying /home/nums/uw_mm/build/mm_client/build/lib/mm_client/mm_client_node.py -> /home/nums/uw_mm/install/mm_client/lib/python3.10/site-packages/mm_client
[7.254s] byte-compiling /home/nums/uw_mm/install/mm_client/lib/python3.10/site-packages/mm_client/mm_client_node.py to mm_client_node.cpython-310.pyc
[7.259s] running install_data
[7.260s] running install_egg_info
[7.275s] removing '/home/nums/uw_mm/install/mm_client/lib/python3.10/site-packages/mm_client-0.0.0-py3.10.egg-info' (and everything under it)
[7.277s] Copying ../../build/mm_client/mm_client.egg-info to /home/nums/uw_mm/install/mm_client/lib/python3.10/site-packages/mm_client-0.0.0-py3.10.egg-info
[7.284s] running install_scripts
[7.461s] Installing mm_client_node script to /home/nums/uw_mm/install/mm_client/lib/mm_client
[7.465s] writing list of installed files to '/home/nums/uw_mm/build/mm_client/install.log'
[7.592s] Invoked command in '/home/nums/uw_mm/src/mm_client' returned '0': PYTHONPATH=/home/nums/uw_mm/build/mm_client/prefix_override:/usr/lib/python3/dist-packages/colcon_core/task/python/colcon_distutils_commands:/home/nums/uw_mm/install/mm_client/lib/python3.10/site-packages:${PYTHONPATH} /usr/bin/python3 -W ignore:setup.py install is deprecated setup.py egg_info --egg-base ../../build/mm_client build --build-base /home/nums/uw_mm/build/mm_client/build install --record /home/nums/uw_mm/build/mm_client/install.log --single-version-externally-managed install_data
