[4.882s] Invoking command in '/home/nums/uw_mm/src/mm_client': PYTHONPATH=/home/nums/uw_mm/build/mm_client/prefix_override:/usr/lib/python3/dist-packages/colcon_core/task/python/colcon_distutils_commands:/home/nums/uw_mm/install/mm_client/lib/python3.10/site-packages:${PYTHONPATH} /usr/bin/python3 -W ignore:setup.py install is deprecated setup.py egg_info --egg-base ../../build/mm_client build --build-base /home/nums/uw_mm/build/mm_client/build install --record /home/nums/uw_mm/build/mm_client/install.log --single-version-externally-managed install_data
[6.974s] running egg_info
[6.978s] writing ../../build/mm_client/mm_client.egg-info/PKG-INFO
[6.979s] writing dependency_links to ../../build/mm_client/mm_client.egg-info/dependency_links.txt
[6.980s] writing entry points to ../../build/mm_client/mm_client.egg-info/entry_points.txt
[6.981s] writing requirements to ../../build/mm_client/mm_client.egg-info/requires.txt
[6.982s] writing top-level names to ../../build/mm_client/mm_client.egg-info/top_level.txt
[6.995s] reading manifest file '../../build/mm_client/mm_client.egg-info/SOURCES.txt'
[7.001s] writing manifest file '../../build/mm_client/mm_client.egg-info/SOURCES.txt'
[7.002s] running build
[7.003s] running build_py
[7.004s] copying mm_client/mm_client_node.py -> /home/nums/uw_mm/build/mm_client/build/lib/mm_client
[7.010s] running install
[7.012s] running install_lib
[7.019s] copying /home/nums/uw_mm/build/mm_client/build/lib/mm_client/mm_client_node.py -> /home/nums/uw_mm/install/mm_client/lib/python3.10/site-packages/mm_client
[7.023s] byte-compiling /home/nums/uw_mm/install/mm_client/lib/python3.10/site-packages/mm_client/mm_client_node.py to mm_client_node.cpython-310.pyc
[7.028s] running install_data
[7.029s] copying package.xml -> /home/nums/uw_mm/install/mm_client/share/mm_client
[7.030s] running install_egg_info
[7.042s] removing '/home/nums/uw_mm/install/mm_client/lib/python3.10/site-packages/mm_client-0.0.0-py3.10.egg-info' (and everything under it)
[7.044s] Copying ../../build/mm_client/mm_client.egg-info to /home/nums/uw_mm/install/mm_client/lib/python3.10/site-packages/mm_client-0.0.0-py3.10.egg-info
[7.050s] running install_scripts
[7.184s] Installing mm_client_node script to /home/nums/uw_mm/install/mm_client/lib/mm_client
[7.188s] writing list of installed files to '/home/nums/uw_mm/build/mm_client/install.log'
[7.313s] Invoked command in '/home/nums/uw_mm/src/mm_client' returned '0': PYTHONPATH=/home/nums/uw_mm/build/mm_client/prefix_override:/usr/lib/python3/dist-packages/colcon_core/task/python/colcon_distutils_commands:/home/nums/uw_mm/install/mm_client/lib/python3.10/site-packages:${PYTHONPATH} /usr/bin/python3 -W ignore:setup.py install is deprecated setup.py egg_info --egg-base ../../build/mm_client build --build-base /home/nums/uw_mm/build/mm_client/build install --record /home/nums/uw_mm/build/mm_client/install.log --single-version-externally-managed install_data
