/home/nums/uw_mm/install/mm_client/lib/python3.10/site-packages/mm_client/mm_client_node.py
/home/nums/uw_mm/install/mm_client/lib/python3.10/site-packages/mm_client/__init__.py
/home/nums/uw_mm/install/mm_client/lib/python3.10/site-packages/mm_client/OculusController.py
/home/nums/uw_mm/install/mm_client/lib/python3.10/site-packages/mm_client/oculus_reader/__init__.py
/home/nums/uw_mm/install/mm_client/lib/python3.10/site-packages/mm_client/oculus_reader/setup.py
/home/nums/uw_mm/install/mm_client/lib/python3.10/site-packages/mm_client/oculus_reader/oculus_reader/install.py
/home/nums/uw_mm/install/mm_client/lib/python3.10/site-packages/mm_client/oculus_reader/oculus_reader/FPS_counter.py
/home/nums/uw_mm/install/mm_client/lib/python3.10/site-packages/mm_client/oculus_reader/oculus_reader/reader.py
/home/nums/uw_mm/install/mm_client/lib/python3.10/site-packages/mm_client/oculus_reader/oculus_reader/__init__.py
/home/nums/uw_mm/install/mm_client/lib/python3.10/site-packages/mm_client/oculus_reader/oculus_reader/buttons_parser.py
/home/nums/uw_mm/install/mm_client/lib/python3.10/site-packages/mm_client/oculus_reader/oculus_reader/visualize_oculus_transforms.py
/home/nums/uw_mm/install/mm_client/lib/python3.10/site-packages/mm_client/__pycache__/mm_client_node.cpython-310.pyc
/home/nums/uw_mm/install/mm_client/lib/python3.10/site-packages/mm_client/__pycache__/__init__.cpython-310.pyc
/home/nums/uw_mm/install/mm_client/lib/python3.10/site-packages/mm_client/__pycache__/OculusController.cpython-310.pyc
/home/nums/uw_mm/install/mm_client/lib/python3.10/site-packages/mm_client/oculus_reader/__pycache__/__init__.cpython-310.pyc
/home/nums/uw_mm/install/mm_client/lib/python3.10/site-packages/mm_client/oculus_reader/__pycache__/setup.cpython-310.pyc
/home/nums/uw_mm/install/mm_client/lib/python3.10/site-packages/mm_client/oculus_reader/oculus_reader/__pycache__/install.cpython-310.pyc
/home/nums/uw_mm/install/mm_client/lib/python3.10/site-packages/mm_client/oculus_reader/oculus_reader/__pycache__/FPS_counter.cpython-310.pyc
/home/nums/uw_mm/install/mm_client/lib/python3.10/site-packages/mm_client/oculus_reader/oculus_reader/__pycache__/reader.cpython-310.pyc
/home/nums/uw_mm/install/mm_client/lib/python3.10/site-packages/mm_client/oculus_reader/oculus_reader/__pycache__/__init__.cpython-310.pyc
/home/nums/uw_mm/install/mm_client/lib/python3.10/site-packages/mm_client/oculus_reader/oculus_reader/__pycache__/buttons_parser.cpython-310.pyc
/home/nums/uw_mm/install/mm_client/lib/python3.10/site-packages/mm_client/oculus_reader/oculus_reader/__pycache__/visualize_oculus_transforms.cpython-310.pyc
/home/nums/uw_mm/install/mm_client/share/ament_index/resource_index/packages/mm_client
/home/nums/uw_mm/install/mm_client/share/mm_client/package.xml
/home/nums/uw_mm/install/mm_client/lib/python3.10/site-packages/mm_client-0.0.0-py3.10.egg-info/dependency_links.txt
/home/nums/uw_mm/install/mm_client/lib/python3.10/site-packages/mm_client-0.0.0-py3.10.egg-info/top_level.txt
/home/nums/uw_mm/install/mm_client/lib/python3.10/site-packages/mm_client-0.0.0-py3.10.egg-info/requires.txt
/home/nums/uw_mm/install/mm_client/lib/python3.10/site-packages/mm_client-0.0.0-py3.10.egg-info/entry_points.txt
/home/nums/uw_mm/install/mm_client/lib/python3.10/site-packages/mm_client-0.0.0-py3.10.egg-info/SOURCES.txt
/home/nums/uw_mm/install/mm_client/lib/python3.10/site-packages/mm_client-0.0.0-py3.10.egg-info/zip-safe
/home/nums/uw_mm/install/mm_client/lib/python3.10/site-packages/mm_client-0.0.0-py3.10.egg-info/PKG-INFO
/home/nums/uw_mm/install/mm_client/lib/mm_client/mm_client_node
