[0.733s] DEBUG:colcon:Command line arguments: ['/usr/bin/colcon', 'build']
[0.734s] DEBUG:colcon:Parsed command line arguments: Namespace(log_base=None, log_level=None, verb_name='build', build_base='build', install_base='install', merge_install=False, symlink_install=False, test_result_base=None, continue_on_error=False, executor='parallel', parallel_workers=8, event_handlers=None, ignore_user_meta=False, metas=['./colcon.meta'], base_paths=['.'], packages_ignore=None, packages_ignore_regex=None, paths=None, packages_up_to=None, packages_up_to_regex=None, packages_above=None, packages_above_and_dependencies=None, packages_above_depth=None, packages_select_by_dep=None, packages_skip_by_dep=None, packages_skip_up_to=None, packages_select_build_failed=False, packages_skip_build_finished=False, packages_select_test_failures=False, packages_skip_test_passed=False, packages_select=None, packages_skip=None, packages_select_regex=None, packages_skip_regex=None, packages_start=None, packages_end=None, allow_overriding=[], cmake_args=None, cmake_target=None, cmake_target_skip_unavailable=False, cmake_clean_cache=False, cmake_clean_first=False, cmake_force_configure=False, ament_cmake_args=None, catkin_cmake_args=None, catkin_skip_building_tests=False, verb_parser=<colcon_defaults.argument_parser.defaults.DefaultArgumentsDecorator object at 0x7ab3f80490f0>, verb_extension=<colcon_core.verb.build.BuildVerb object at 0x7ab3f8048ca0>, main=<bound method BuildVerb.main of <colcon_core.verb.build.BuildVerb object at 0x7ab3f8048ca0>>)
[2.015s] Level 1:colcon.colcon_core.package_discovery:discover_packages(colcon_meta) check parameters
[2.016s] Level 1:colcon.colcon_core.package_discovery:discover_packages(recursive) check parameters
[2.016s] Level 1:colcon.colcon_core.package_discovery:discover_packages(ignore) check parameters
[2.017s] Level 1:colcon.colcon_core.package_discovery:discover_packages(path) check parameters
[2.017s] Level 1:colcon.colcon_core.package_discovery:discover_packages(colcon_meta) discover
[2.017s] Level 1:colcon.colcon_core.package_discovery:discover_packages(recursive) discover
[2.017s] INFO:colcon.colcon_core.package_discovery:Crawling recursively for packages in '/home/nums/uw_mm'
[2.018s] Level 1:colcon.colcon_core.package_identification:_identify(.) by extensions ['ignore', 'ignore_ament_install']
[2.019s] Level 1:colcon.colcon_core.package_identification:_identify(.) by extension 'ignore'
[2.019s] Level 1:colcon.colcon_core.package_identification:_identify(.) by extension 'ignore_ament_install'
[2.020s] Level 1:colcon.colcon_core.package_identification:_identify(.) by extensions ['colcon_pkg']
[2.020s] Level 1:colcon.colcon_core.package_identification:_identify(.) by extension 'colcon_pkg'
[2.020s] Level 1:colcon.colcon_core.package_identification:_identify(.) by extensions ['colcon_meta']
[2.020s] Level 1:colcon.colcon_core.package_identification:_identify(.) by extension 'colcon_meta'
[2.021s] Level 1:colcon.colcon_core.package_identification:_identify(.) by extensions ['ros']
[2.021s] Level 1:colcon.colcon_core.package_identification:_identify(.) by extension 'ros'
[2.098s] Level 1:colcon.colcon_core.package_identification:_identify(.) by extensions ['cmake', 'python']
[2.098s] Level 1:colcon.colcon_core.package_identification:_identify(.) by extension 'cmake'
[2.099s] Level 1:colcon.colcon_core.package_identification:_identify(.) by extension 'python'
[2.099s] Level 1:colcon.colcon_core.package_identification:_identify(.) by extensions ['python_setup_py']
[2.100s] Level 1:colcon.colcon_core.package_identification:_identify(.) by extension 'python_setup_py'
[2.100s] Level 1:colcon.colcon_core.package_identification:_identify(__pycache__) by extensions ['ignore', 'ignore_ament_install']
[2.101s] Level 1:colcon.colcon_core.package_identification:_identify(__pycache__) by extension 'ignore'
[2.102s] Level 1:colcon.colcon_core.package_identification:_identify(__pycache__) by extension 'ignore_ament_install'
[2.102s] Level 1:colcon.colcon_core.package_identification:_identify(__pycache__) by extensions ['colcon_pkg']
[2.102s] Level 1:colcon.colcon_core.package_identification:_identify(__pycache__) by extension 'colcon_pkg'
[2.103s] Level 1:colcon.colcon_core.package_identification:_identify(__pycache__) by extensions ['colcon_meta']
[2.103s] Level 1:colcon.colcon_core.package_identification:_identify(__pycache__) by extension 'colcon_meta'
[2.103s] Level 1:colcon.colcon_core.package_identification:_identify(__pycache__) by extensions ['ros']
[2.103s] Level 1:colcon.colcon_core.package_identification:_identify(__pycache__) by extension 'ros'
[2.104s] Level 1:colcon.colcon_core.package_identification:_identify(__pycache__) by extensions ['cmake', 'python']
[2.104s] Level 1:colcon.colcon_core.package_identification:_identify(__pycache__) by extension 'cmake'
[2.104s] Level 1:colcon.colcon_core.package_identification:_identify(__pycache__) by extension 'python'
[2.105s] Level 1:colcon.colcon_core.package_identification:_identify(__pycache__) by extensions ['python_setup_py']
[2.105s] Level 1:colcon.colcon_core.package_identification:_identify(__pycache__) by extension 'python_setup_py'
[2.106s] Level 1:colcon.colcon_core.package_identification:_identify(build) by extensions ['ignore', 'ignore_ament_install']
[2.106s] Level 1:colcon.colcon_core.package_identification:_identify(build) by extension 'ignore'
[2.107s] Level 1:colcon.colcon_core.package_identification:_identify(build) ignored
[2.108s] Level 1:colcon.colcon_core.package_identification:_identify(install) by extensions ['ignore', 'ignore_ament_install']
[2.108s] Level 1:colcon.colcon_core.package_identification:_identify(install) by extension 'ignore'
[2.109s] Level 1:colcon.colcon_core.package_identification:_identify(install) ignored
[2.109s] Level 1:colcon.colcon_core.package_identification:_identify(log) by extensions ['ignore', 'ignore_ament_install']
[2.110s] Level 1:colcon.colcon_core.package_identification:_identify(log) by extension 'ignore'
[2.110s] Level 1:colcon.colcon_core.package_identification:_identify(log) ignored
[2.111s] Level 1:colcon.colcon_core.package_identification:_identify(src) by extensions ['ignore', 'ignore_ament_install']
[2.111s] Level 1:colcon.colcon_core.package_identification:_identify(src) by extension 'ignore'
[2.112s] Level 1:colcon.colcon_core.package_identification:_identify(src) by extension 'ignore_ament_install'
[2.112s] Level 1:colcon.colcon_core.package_identification:_identify(src) by extensions ['colcon_pkg']
[2.112s] Level 1:colcon.colcon_core.package_identification:_identify(src) by extension 'colcon_pkg'
[2.113s] Level 1:colcon.colcon_core.package_identification:_identify(src) by extensions ['colcon_meta']
[2.113s] Level 1:colcon.colcon_core.package_identification:_identify(src) by extension 'colcon_meta'
[2.114s] Level 1:colcon.colcon_core.package_identification:_identify(src) by extensions ['ros']
[2.114s] Level 1:colcon.colcon_core.package_identification:_identify(src) by extension 'ros'
[2.114s] Level 1:colcon.colcon_core.package_identification:_identify(src) by extensions ['cmake', 'python']
[2.115s] Level 1:colcon.colcon_core.package_identification:_identify(src) by extension 'cmake'
[2.115s] Level 1:colcon.colcon_core.package_identification:_identify(src) by extension 'python'
[2.115s] Level 1:colcon.colcon_core.package_identification:_identify(src) by extensions ['python_setup_py']
[2.115s] Level 1:colcon.colcon_core.package_identification:_identify(src) by extension 'python_setup_py'
[2.116s] Level 1:colcon.colcon_core.package_identification:_identify(src/mm_client) by extensions ['ignore', 'ignore_ament_install']
[2.117s] Level 1:colcon.colcon_core.package_identification:_identify(src/mm_client) by extension 'ignore'
[2.117s] Level 1:colcon.colcon_core.package_identification:_identify(src/mm_client) by extension 'ignore_ament_install'
[2.118s] Level 1:colcon.colcon_core.package_identification:_identify(src/mm_client) by extensions ['colcon_pkg']
[2.118s] Level 1:colcon.colcon_core.package_identification:_identify(src/mm_client) by extension 'colcon_pkg'
[2.118s] Level 1:colcon.colcon_core.package_identification:_identify(src/mm_client) by extensions ['colcon_meta']
[2.118s] Level 1:colcon.colcon_core.package_identification:_identify(src/mm_client) by extension 'colcon_meta'
[2.119s] Level 1:colcon.colcon_core.package_identification:_identify(src/mm_client) by extensions ['ros']
[2.119s] Level 1:colcon.colcon_core.package_identification:_identify(src/mm_client) by extension 'ros'
[2.126s] DEBUG:colcon.colcon_core.package_identification:Failed to parse potential ROS package manifest in'src/mm_client': Error(s) in package 'src/mm_client/package.xml':
The manifest contains invalid XML:
mismatched tag: line 21, column 2
[2.127s] Level 1:colcon.colcon_core.package_identification:_identify(src/mm_client) by extensions ['cmake', 'python']
[2.127s] Level 1:colcon.colcon_core.package_identification:_identify(src/mm_client) by extension 'cmake'
[2.128s] Level 1:colcon.colcon_core.package_identification:_identify(src/mm_client) by extension 'python'
[2.128s] DEBUG:colcon.colcon_core.package_identification:Python package in 'src/mm_client' passes arguments to the setup() function which requires a different identification extension than 'python'
[2.129s] Level 1:colcon.colcon_core.package_identification:_identify(src/mm_client) by extensions ['python_setup_py']
[2.129s] Level 1:colcon.colcon_core.package_identification:_identify(src/mm_client) by extension 'python_setup_py'
[4.239s] DEBUG:colcon.colcon_core.package_identification:Package 'src/mm_client' with type 'python' and name 'mm_client'
[4.240s] Level 1:colcon.colcon_core.package_identification:_identify(src/mm_interfaces) by extensions ['ignore', 'ignore_ament_install']
[4.241s] Level 1:colcon.colcon_core.package_identification:_identify(src/mm_interfaces) by extension 'ignore'
[4.242s] Level 1:colcon.colcon_core.package_identification:_identify(src/mm_interfaces) by extension 'ignore_ament_install'
[4.242s] Level 1:colcon.colcon_core.package_identification:_identify(src/mm_interfaces) by extensions ['colcon_pkg']
[4.242s] Level 1:colcon.colcon_core.package_identification:_identify(src/mm_interfaces) by extension 'colcon_pkg'
[4.243s] Level 1:colcon.colcon_core.package_identification:_identify(src/mm_interfaces) by extensions ['colcon_meta']
[4.243s] Level 1:colcon.colcon_core.package_identification:_identify(src/mm_interfaces) by extension 'colcon_meta'
[4.244s] Level 1:colcon.colcon_core.package_identification:_identify(src/mm_interfaces) by extensions ['ros']
[4.244s] Level 1:colcon.colcon_core.package_identification:_identify(src/mm_interfaces) by extension 'ros'
[4.257s] DEBUG:colcon.colcon_core.package_identification:Package 'src/mm_interfaces' with type 'ros.ament_cmake' and name 'mm_interfaces'
[4.257s] Level 1:colcon.colcon_core.package_discovery:discover_packages(recursive) using defaults
[4.258s] Level 1:colcon.colcon_core.package_discovery:discover_packages(ignore) discover
[4.258s] Level 1:colcon.colcon_core.package_discovery:discover_packages(ignore) using defaults
[4.258s] Level 1:colcon.colcon_core.package_discovery:discover_packages(path) discover
[4.258s] Level 1:colcon.colcon_core.package_discovery:discover_packages(path) using defaults
[4.386s] Level 1:colcon.colcon_core.package_discovery:discover_packages(prefix_path) check parameters
[4.386s] Level 1:colcon.colcon_core.package_discovery:discover_packages(prefix_path) discover
[4.416s] DEBUG:colcon.colcon_installed_package_information.package_discovery:Found 270 installed packages in /opt/ros/humble
[4.474s] Level 1:colcon.colcon_core.package_discovery:discover_packages(prefix_path) using defaults
[4.782s] Level 5:colcon.colcon_core.verb:set package 'mm_client' build argument 'cmake_args' from command line to 'None'
[4.782s] Level 5:colcon.colcon_core.verb:set package 'mm_client' build argument 'cmake_target' from command line to 'None'
[4.783s] Level 5:colcon.colcon_core.verb:set package 'mm_client' build argument 'cmake_target_skip_unavailable' from command line to 'False'
[4.783s] Level 5:colcon.colcon_core.verb:set package 'mm_client' build argument 'cmake_clean_cache' from command line to 'False'
[4.784s] Level 5:colcon.colcon_core.verb:set package 'mm_client' build argument 'cmake_clean_first' from command line to 'False'
[4.784s] Level 5:colcon.colcon_core.verb:set package 'mm_client' build argument 'cmake_force_configure' from command line to 'False'
[4.784s] Level 5:colcon.colcon_core.verb:set package 'mm_client' build argument 'ament_cmake_args' from command line to 'None'
[4.784s] Level 5:colcon.colcon_core.verb:set package 'mm_client' build argument 'catkin_cmake_args' from command line to 'None'
[4.785s] Level 5:colcon.colcon_core.verb:set package 'mm_client' build argument 'catkin_skip_building_tests' from command line to 'False'
[4.785s] DEBUG:colcon.colcon_core.verb:Building package 'mm_client' with the following arguments: {'ament_cmake_args': None, 'build_base': '/home/nums/uw_mm/build/mm_client', 'catkin_cmake_args': None, 'catkin_skip_building_tests': False, 'cmake_args': None, 'cmake_clean_cache': False, 'cmake_clean_first': False, 'cmake_force_configure': False, 'cmake_target': None, 'cmake_target_skip_unavailable': False, 'install_base': '/home/nums/uw_mm/install/mm_client', 'merge_install': False, 'path': '/home/nums/uw_mm/src/mm_client', 'symlink_install': False, 'test_result_base': None}
[4.788s] Level 5:colcon.colcon_core.verb:set package 'mm_interfaces' build argument 'cmake_args' from command line to 'None'
[4.788s] Level 5:colcon.colcon_core.verb:set package 'mm_interfaces' build argument 'cmake_target' from command line to 'None'
[4.788s] Level 5:colcon.colcon_core.verb:set package 'mm_interfaces' build argument 'cmake_target_skip_unavailable' from command line to 'False'
[4.788s] Level 5:colcon.colcon_core.verb:set package 'mm_interfaces' build argument 'cmake_clean_cache' from command line to 'False'
[4.789s] Level 5:colcon.colcon_core.verb:set package 'mm_interfaces' build argument 'cmake_clean_first' from command line to 'False'
[4.789s] Level 5:colcon.colcon_core.verb:set package 'mm_interfaces' build argument 'cmake_force_configure' from command line to 'False'
[4.789s] Level 5:colcon.colcon_core.verb:set package 'mm_interfaces' build argument 'ament_cmake_args' from command line to 'None'
[4.789s] Level 5:colcon.colcon_core.verb:set package 'mm_interfaces' build argument 'catkin_cmake_args' from command line to 'None'
[4.789s] Level 5:colcon.colcon_core.verb:set package 'mm_interfaces' build argument 'catkin_skip_building_tests' from command line to 'False'
[4.790s] DEBUG:colcon.colcon_core.verb:Building package 'mm_interfaces' with the following arguments: {'ament_cmake_args': None, 'build_base': '/home/nums/uw_mm/build/mm_interfaces', 'catkin_cmake_args': None, 'catkin_skip_building_tests': False, 'cmake_args': None, 'cmake_clean_cache': False, 'cmake_clean_first': False, 'cmake_force_configure': False, 'cmake_target': None, 'cmake_target_skip_unavailable': False, 'install_base': '/home/nums/uw_mm/install/mm_interfaces', 'merge_install': False, 'path': '/home/nums/uw_mm/src/mm_interfaces', 'symlink_install': False, 'test_result_base': None}
[4.790s] INFO:colcon.colcon_core.executor:Executing jobs using 'parallel' executor
[4.797s] DEBUG:colcon.colcon_parallel_executor.executor.parallel:run_until_complete
[4.798s] INFO:colcon.colcon_core.task.python.build:Building Python package in '/home/nums/uw_mm/src/mm_client'
[4.812s] INFO:colcon.colcon_core.plugin_system:Skipping extension 'colcon_core.shell.bat': Not used on non-Windows systems
[4.814s] INFO:colcon.colcon_core.shell:Skip shell extension 'powershell' for command environment: Not usable outside of PowerShell
[4.814s] DEBUG:colcon.colcon_core.shell:Skip shell extension 'dsv' for command environment
[4.834s] INFO:colcon.colcon_ros.task.ament_cmake.build:Building ROS package in '/home/nums/uw_mm/src/mm_interfaces' with build type 'ament_cmake'
[4.835s] INFO:colcon.colcon_cmake.task.cmake.build:Building CMake package in '/home/nums/uw_mm/src/mm_interfaces'
[4.837s] INFO:colcon.colcon_core.shell:Skip shell extension 'powershell' for command environment: Not usable outside of PowerShell
[4.838s] DEBUG:colcon.colcon_core.shell:Skip shell extension 'dsv' for command environment
[7.055s] DEBUG:colcon.colcon_core.event_handler.log_command:Invoking command in '/home/nums/uw_mm/build/mm_interfaces': CMAKE_PREFIX_PATH=/opt/ros/humble /usr/bin/cmake --build /home/nums/uw_mm/build/mm_interfaces -- -j8 -l8
[9.893s] DEBUG:colcon.colcon_core.event_handler.log_command:Invoked command in '/home/nums/uw_mm/build/mm_interfaces' returned '0': CMAKE_PREFIX_PATH=/opt/ros/humble /usr/bin/cmake --build /home/nums/uw_mm/build/mm_interfaces -- -j8 -l8
[9.981s] DEBUG:colcon.colcon_core.event_handler.log_command:Invoking command in '/home/nums/uw_mm/src/mm_client': PYTHONPATH=/home/nums/uw_mm/build/mm_client/prefix_override:/usr/lib/python3/dist-packages/colcon_core/task/python/colcon_distutils_commands:/home/nums/uw_mm/install/mm_client/lib/python3.10/site-packages:${PYTHONPATH} /usr/bin/python3 -W ignore:setup.py install is deprecated setup.py egg_info --egg-base ../../build/mm_client build --build-base /home/nums/uw_mm/build/mm_client/build install --record /home/nums/uw_mm/build/mm_client/install.log --single-version-externally-managed install_data
[10.431s] DEBUG:colcon.colcon_core.event_handler.log_command:Invoking command in '/home/nums/uw_mm/build/mm_interfaces': CMAKE_PREFIX_PATH=/opt/ros/humble /usr/bin/cmake --install /home/nums/uw_mm/build/mm_interfaces
[10.817s] Level 1:colcon.colcon_core.environment:create_environment_scripts_only(mm_interfaces)
[10.837s] DEBUG:colcon.colcon_core.event_handler.log_command:Invoked command in '/home/nums/uw_mm/build/mm_interfaces' returned '0': CMAKE_PREFIX_PATH=/opt/ros/humble /usr/bin/cmake --install /home/nums/uw_mm/build/mm_interfaces
[10.854s] Level 1:colcon.colcon_core.environment:checking '/home/nums/uw_mm/install/mm_interfaces' for CMake module files
[10.859s] Level 1:colcon.colcon_core.environment:checking '/home/nums/uw_mm/install/mm_interfaces' for CMake config files
[10.860s] Level 1:colcon.colcon_core.shell:create_environment_hook('mm_interfaces', 'cmake_prefix_path')
[10.862s] INFO:colcon.colcon_core.shell:Creating environment hook '/home/nums/uw_mm/install/mm_interfaces/share/mm_interfaces/hook/cmake_prefix_path.ps1'
[10.865s] INFO:colcon.colcon_core.shell:Creating environment descriptor '/home/nums/uw_mm/install/mm_interfaces/share/mm_interfaces/hook/cmake_prefix_path.dsv'
[10.867s] INFO:colcon.colcon_core.shell:Creating environment hook '/home/nums/uw_mm/install/mm_interfaces/share/mm_interfaces/hook/cmake_prefix_path.sh'
[10.873s] Level 1:colcon.colcon_core.environment:checking '/home/nums/uw_mm/install/mm_interfaces/lib'
[10.874s] Level 1:colcon.colcon_core.shell:create_environment_hook('mm_interfaces', 'ld_library_path_lib')
[10.876s] INFO:colcon.colcon_core.shell:Creating environment hook '/home/nums/uw_mm/install/mm_interfaces/share/mm_interfaces/hook/ld_library_path_lib.ps1'
[10.878s] INFO:colcon.colcon_core.shell:Creating environment descriptor '/home/nums/uw_mm/install/mm_interfaces/share/mm_interfaces/hook/ld_library_path_lib.dsv'
[10.881s] INFO:colcon.colcon_core.shell:Creating environment hook '/home/nums/uw_mm/install/mm_interfaces/share/mm_interfaces/hook/ld_library_path_lib.sh'
[10.883s] Level 1:colcon.colcon_core.environment:checking '/home/nums/uw_mm/install/mm_interfaces/bin'
[10.884s] Level 1:colcon.colcon_core.environment:checking '/home/nums/uw_mm/install/mm_interfaces/lib/pkgconfig/mm_interfaces.pc'
[10.886s] Level 1:colcon.colcon_core.environment:checking '/home/nums/uw_mm/install/mm_interfaces/lib/python3.10/site-packages'
[10.887s] Level 1:colcon.colcon_core.environment:checking '/home/nums/uw_mm/install/mm_interfaces/bin'
[10.889s] INFO:colcon.colcon_core.shell:Creating package script '/home/nums/uw_mm/install/mm_interfaces/share/mm_interfaces/package.ps1'
[10.894s] INFO:colcon.colcon_core.shell:Creating package descriptor '/home/nums/uw_mm/install/mm_interfaces/share/mm_interfaces/package.dsv'
[10.897s] INFO:colcon.colcon_core.shell:Creating package script '/home/nums/uw_mm/install/mm_interfaces/share/mm_interfaces/package.sh'
[10.902s] INFO:colcon.colcon_core.shell:Creating package script '/home/nums/uw_mm/install/mm_interfaces/share/mm_interfaces/package.bash'
[10.906s] INFO:colcon.colcon_core.shell:Creating package script '/home/nums/uw_mm/install/mm_interfaces/share/mm_interfaces/package.zsh'
[10.911s] Level 1:colcon.colcon_core.environment:create_file_with_runtime_dependencies(/home/nums/uw_mm/install/mm_interfaces/share/colcon-core/packages/mm_interfaces)
[11.287s] Level 1:colcon.colcon_core.environment:create_environment_scripts_only(mm_interfaces)
[11.289s] Level 1:colcon.colcon_core.environment:checking '/home/nums/uw_mm/install/mm_interfaces' for CMake module files
[11.294s] Level 1:colcon.colcon_core.environment:checking '/home/nums/uw_mm/install/mm_interfaces' for CMake config files
[11.295s] Level 1:colcon.colcon_core.shell:create_environment_hook('mm_interfaces', 'cmake_prefix_path')
[11.296s] INFO:colcon.colcon_core.shell:Creating environment hook '/home/nums/uw_mm/install/mm_interfaces/share/mm_interfaces/hook/cmake_prefix_path.ps1'
[11.299s] INFO:colcon.colcon_core.shell:Creating environment descriptor '/home/nums/uw_mm/install/mm_interfaces/share/mm_interfaces/hook/cmake_prefix_path.dsv'
[11.301s] INFO:colcon.colcon_core.shell:Creating environment hook '/home/nums/uw_mm/install/mm_interfaces/share/mm_interfaces/hook/cmake_prefix_path.sh'
[11.304s] Level 1:colcon.colcon_core.environment:checking '/home/nums/uw_mm/install/mm_interfaces/lib'
[11.305s] Level 1:colcon.colcon_core.shell:create_environment_hook('mm_interfaces', 'ld_library_path_lib')
[11.306s] INFO:colcon.colcon_core.shell:Creating environment hook '/home/nums/uw_mm/install/mm_interfaces/share/mm_interfaces/hook/ld_library_path_lib.ps1'
[11.308s] INFO:colcon.colcon_core.shell:Creating environment descriptor '/home/nums/uw_mm/install/mm_interfaces/share/mm_interfaces/hook/ld_library_path_lib.dsv'
[11.310s] INFO:colcon.colcon_core.shell:Creating environment hook '/home/nums/uw_mm/install/mm_interfaces/share/mm_interfaces/hook/ld_library_path_lib.sh'
[11.312s] Level 1:colcon.colcon_core.environment:checking '/home/nums/uw_mm/install/mm_interfaces/bin'
[11.313s] Level 1:colcon.colcon_core.environment:checking '/home/nums/uw_mm/install/mm_interfaces/lib/pkgconfig/mm_interfaces.pc'
[11.314s] Level 1:colcon.colcon_core.environment:checking '/home/nums/uw_mm/install/mm_interfaces/lib/python3.10/site-packages'
[11.316s] Level 1:colcon.colcon_core.environment:checking '/home/nums/uw_mm/install/mm_interfaces/bin'
[11.318s] INFO:colcon.colcon_core.shell:Creating package script '/home/nums/uw_mm/install/mm_interfaces/share/mm_interfaces/package.ps1'
[11.321s] INFO:colcon.colcon_core.shell:Creating package descriptor '/home/nums/uw_mm/install/mm_interfaces/share/mm_interfaces/package.dsv'
[11.324s] INFO:colcon.colcon_core.shell:Creating package script '/home/nums/uw_mm/install/mm_interfaces/share/mm_interfaces/package.sh'
[11.326s] INFO:colcon.colcon_core.shell:Creating package script '/home/nums/uw_mm/install/mm_interfaces/share/mm_interfaces/package.bash'
[11.328s] INFO:colcon.colcon_core.shell:Creating package script '/home/nums/uw_mm/install/mm_interfaces/share/mm_interfaces/package.zsh'
[11.331s] Level 1:colcon.colcon_core.environment:create_file_with_runtime_dependencies(/home/nums/uw_mm/install/mm_interfaces/share/colcon-core/packages/mm_interfaces)
[12.387s] Level 1:colcon.colcon_core.environment:checking '/home/nums/uw_mm/install/mm_client' for CMake module files
[12.392s] DEBUG:colcon.colcon_core.event_handler.log_command:Invoked command in '/home/nums/uw_mm/src/mm_client' returned '0': PYTHONPATH=/home/nums/uw_mm/build/mm_client/prefix_override:/usr/lib/python3/dist-packages/colcon_core/task/python/colcon_distutils_commands:/home/nums/uw_mm/install/mm_client/lib/python3.10/site-packages:${PYTHONPATH} /usr/bin/python3 -W ignore:setup.py install is deprecated setup.py egg_info --egg-base ../../build/mm_client build --build-base /home/nums/uw_mm/build/mm_client/build install --record /home/nums/uw_mm/build/mm_client/install.log --single-version-externally-managed install_data
[12.394s] Level 1:colcon.colcon_core.environment:checking '/home/nums/uw_mm/install/mm_client' for CMake config files
[12.400s] Level 1:colcon.colcon_core.environment:checking '/home/nums/uw_mm/install/mm_client/lib'
[12.400s] Level 1:colcon.colcon_core.environment:checking '/home/nums/uw_mm/install/mm_client/bin'
[12.401s] Level 1:colcon.colcon_core.environment:checking '/home/nums/uw_mm/install/mm_client/lib/pkgconfig/mm_client.pc'
[12.403s] Level 1:colcon.colcon_core.environment:checking '/home/nums/uw_mm/install/mm_client/lib/python3.10/site-packages'
[12.404s] Level 1:colcon.colcon_core.shell:create_environment_hook('mm_client', 'pythonpath')
[12.406s] INFO:colcon.colcon_core.shell:Creating environment hook '/home/nums/uw_mm/install/mm_client/share/mm_client/hook/pythonpath.ps1'
[12.409s] INFO:colcon.colcon_core.shell:Creating environment descriptor '/home/nums/uw_mm/install/mm_client/share/mm_client/hook/pythonpath.dsv'
[12.411s] INFO:colcon.colcon_core.shell:Creating environment hook '/home/nums/uw_mm/install/mm_client/share/mm_client/hook/pythonpath.sh'
[12.414s] Level 1:colcon.colcon_core.environment:checking '/home/nums/uw_mm/install/mm_client/bin'
[12.415s] Level 1:colcon.colcon_core.environment:create_environment_scripts_only(mm_client)
[12.417s] INFO:colcon.colcon_core.shell:Creating package script '/home/nums/uw_mm/install/mm_client/share/mm_client/package.ps1'
[12.421s] INFO:colcon.colcon_core.shell:Creating package descriptor '/home/nums/uw_mm/install/mm_client/share/mm_client/package.dsv'
[12.425s] INFO:colcon.colcon_core.shell:Creating package script '/home/nums/uw_mm/install/mm_client/share/mm_client/package.sh'
[12.430s] INFO:colcon.colcon_core.shell:Creating package script '/home/nums/uw_mm/install/mm_client/share/mm_client/package.bash'
[12.435s] INFO:colcon.colcon_core.shell:Creating package script '/home/nums/uw_mm/install/mm_client/share/mm_client/package.zsh'
[12.439s] Level 1:colcon.colcon_core.environment:create_file_with_runtime_dependencies(/home/nums/uw_mm/install/mm_client/share/colcon-core/packages/mm_client)
[12.441s] DEBUG:colcon.colcon_parallel_executor.executor.parallel:closing loop
[12.444s] DEBUG:colcon.colcon_parallel_executor.executor.parallel:loop closed
[12.445s] DEBUG:colcon.colcon_parallel_executor.executor.parallel:run_until_complete finished with '0'
[12.445s] DEBUG:colcon.colcon_core.event_reactor:joining thread
[12.480s] INFO:colcon.colcon_core.plugin_system:Skipping extension 'colcon_notification.desktop_notification.terminal_notifier': Not used on non-Darwin systems
[12.480s] INFO:colcon.colcon_core.plugin_system:Skipping extension 'colcon_notification.desktop_notification.win32': Not used on non-Windows systems
[12.481s] INFO:colcon.colcon_notification.desktop_notification:Sending desktop notification using 'notify2'
[12.549s] DEBUG:colcon.colcon_core.event_reactor:joined thread
[12.551s] INFO:colcon.colcon_core.shell:Creating prefix script '/home/nums/uw_mm/install/local_setup.ps1'
[12.558s] INFO:colcon.colcon_core.shell:Creating prefix util module '/home/nums/uw_mm/install/_local_setup_util_ps1.py'
[12.565s] INFO:colcon.colcon_core.shell:Creating prefix chain script '/home/nums/uw_mm/install/setup.ps1'
[12.571s] INFO:colcon.colcon_core.shell:Creating prefix script '/home/nums/uw_mm/install/local_setup.sh'
[12.575s] INFO:colcon.colcon_core.shell:Creating prefix util module '/home/nums/uw_mm/install/_local_setup_util_sh.py'
[12.578s] INFO:colcon.colcon_core.shell:Creating prefix chain script '/home/nums/uw_mm/install/setup.sh'
[12.584s] INFO:colcon.colcon_core.shell:Creating prefix script '/home/nums/uw_mm/install/local_setup.bash'
[12.587s] INFO:colcon.colcon_core.shell:Creating prefix chain script '/home/nums/uw_mm/install/setup.bash'
[12.594s] INFO:colcon.colcon_core.shell:Creating prefix script '/home/nums/uw_mm/install/local_setup.zsh'
[12.598s] INFO:colcon.colcon_core.shell:Creating prefix chain script '/home/nums/uw_mm/install/setup.zsh'
