running egg_info
writing ../../build/mm_client/mm_client.egg-info/PKG-INFO
writing dependency_links to ../../build/mm_client/mm_client.egg-info/dependency_links.txt
writing entry points to ../../build/mm_client/mm_client.egg-info/entry_points.txt
writing requirements to ../../build/mm_client/mm_client.egg-info/requires.txt
writing top-level names to ../../build/mm_client/mm_client.egg-info/top_level.txt
reading manifest file '../../build/mm_client/mm_client.egg-info/SOURCES.txt'
writing manifest file '../../build/mm_client/mm_client.egg-info/SOURCES.txt'
running build
running build_py
copying mm_client/mm_client_node.py -> /home/nums/uw_mm/build/mm_client/build/lib/mm_client
copying mm_client/OculusController.py -> /home/nums/uw_mm/build/mm_client/build/lib/mm_client
running install
running install_lib
copying /home/nums/uw_mm/build/mm_client/build/lib/mm_client/mm_client_node.py -> /home/nums/uw_mm/install/mm_client/lib/python3.10/site-packages/mm_client
copying /home/nums/uw_mm/build/mm_client/build/lib/mm_client/OculusController.py -> /home/nums/uw_mm/install/mm_client/lib/python3.10/site-packages/mm_client
byte-compiling /home/nums/uw_mm/install/mm_client/lib/python3.10/site-packages/mm_client/mm_client_node.py to mm_client_node.cpython-310.pyc
byte-compiling /home/nums/uw_mm/install/mm_client/lib/python3.10/site-packages/mm_client/OculusController.py to OculusController.cpython-310.pyc
running install_data
running install_egg_info
removing '/home/nums/uw_mm/install/mm_client/lib/python3.10/site-packages/mm_client-0.0.0-py3.10.egg-info' (and everything under it)
Copying ../../build/mm_client/mm_client.egg-info to /home/nums/uw_mm/install/mm_client/lib/python3.10/site-packages/mm_client-0.0.0-py3.10.egg-info
running install_scripts
Installing mm_client script to /home/nums/uw_mm/install/mm_client/lib/mm_client
writing list of installed files to '/home/nums/uw_mm/build/mm_client/install.log'
