[2.018s] Invoking command in '/home/nums/uw_mm/build/mm_interfaces': CMAKE_PREFIX_PATH=${CMAKE_PREFIX_PATH}:/home/nums/uw_mm/install/mm_client:/opt/ros/humble /usr/bin/cmake --build /home/nums/uw_mm/build/mm_interfaces -- -j8 -l8
[2.338s] [35m[1mConsolidate compiler generated dependencies of target mm_interfaces__rosidl_generator_c[0m
[2.406s] [  3%] Built target mm_interfaces__cpp
[2.425s] [ 12%] Built target mm_interfaces__rosidl_generator_c
[2.498s] [ 12%] Built target ament_cmake_python_copy_mm_interfaces
[2.504s] [35m[1mConsolidate compiler generated dependencies of target mm_interfaces__rosidl_typesupport_fastrtps_cpp[0m
[2.516s] [35m[1mConsolidate compiler generated dependencies of target mm_interfaces__rosidl_typesupport_introspection_cpp[0m
[2.530s] [35m[1mConsolidate compiler generated dependencies of target mm_interfaces__rosidl_typesupport_cpp[0m
[2.555s] [35m[1mConsolidate compiler generated dependencies of target mm_interfaces__rosidl_typesupport_c[0m
[2.572s] [35m[1mConsolidate compiler generated dependencies of target mm_interfaces__rosidl_typesupport_introspection_c[0m
[2.594s] [35m[1mConsolidate compiler generated dependencies of target mm_interfaces__rosidl_typesupport_fastrtps_c[0m
[2.639s] [ 22%] Built target mm_interfaces__rosidl_typesupport_fastrtps_cpp
[2.688s] [ 35%] Built target mm_interfaces__rosidl_typesupport_c
[2.690s] [ 41%] Built target mm_interfaces__rosidl_typesupport_cpp
[2.701s] [ 51%] Built target mm_interfaces__rosidl_typesupport_introspection_cpp
[2.704s] [ 61%] Built target mm_interfaces__rosidl_typesupport_introspection_c
[2.747s] [ 70%] Built target mm_interfaces__rosidl_typesupport_fastrtps_c
[2.889s] [ 70%] Built target mm_interfaces
[3.024s] [ 74%] Built target mm_interfaces__py
[3.089s] [35m[1mConsolidate compiler generated dependencies of target mm_interfaces__rosidl_generator_py[0m
[3.188s] [ 80%] Built target mm_interfaces__rosidl_generator_py
[3.301s] [35m[1mConsolidate compiler generated dependencies of target mm_interfaces__rosidl_typesupport_c__pyext[0m
[3.302s] [35m[1mConsolidate compiler generated dependencies of target mm_interfaces__rosidl_typesupport_fastrtps_c__pyext[0m
[3.305s] [35m[1mConsolidate compiler generated dependencies of target mm_interfaces__rosidl_typesupport_introspection_c__pyext[0m
[3.424s] [ 87%] Built target mm_interfaces__rosidl_typesupport_introspection_c__pyext
[3.425s] [ 93%] Built target mm_interfaces__rosidl_typesupport_c__pyext
[3.426s] [100%] Built target mm_interfaces__rosidl_typesupport_fastrtps_c__pyext
[4.641s] running egg_info
[4.645s] writing mm_interfaces.egg-info/PKG-INFO
[4.646s] writing dependency_links to mm_interfaces.egg-info/dependency_links.txt
[4.647s] writing top-level names to mm_interfaces.egg-info/top_level.txt
[4.672s] reading manifest file 'mm_interfaces.egg-info/SOURCES.txt'
[4.680s] writing manifest file 'mm_interfaces.egg-info/SOURCES.txt'
[4.852s] [100%] Built target ament_cmake_python_build_mm_interfaces_egg
[4.924s] Invoked command in '/home/nums/uw_mm/build/mm_interfaces' returned '0': CMAKE_PREFIX_PATH=${CMAKE_PREFIX_PATH}:/home/nums/uw_mm/install/mm_client:/opt/ros/humble /usr/bin/cmake --build /home/nums/uw_mm/build/mm_interfaces -- -j8 -l8
[5.447s] Invoking command in '/home/nums/uw_mm/build/mm_interfaces': CMAKE_PREFIX_PATH=${CMAKE_PREFIX_PATH}:/home/nums/uw_mm/install/mm_client:/opt/ros/humble /usr/bin/cmake --install /home/nums/uw_mm/build/mm_interfaces
[5.506s] -- Install configuration: ""
[5.510s] -- Up-to-date: /home/nums/uw_mm/install/mm_interfaces/share/ament_index/resource_index/rosidl_interfaces/mm_interfaces
[5.511s] -- Up-to-date: /home/nums/uw_mm/install/mm_interfaces/include/mm_interfaces/mm_interfaces
[5.512s] -- Up-to-date: /home/nums/uw_mm/install/mm_interfaces/include/mm_interfaces/mm_interfaces/msg
[5.513s] -- Up-to-date: /home/nums/uw_mm/install/mm_interfaces/include/mm_interfaces/mm_interfaces/msg/detail
[5.513s] -- Up-to-date: /home/nums/uw_mm/install/mm_interfaces/include/mm_interfaces/mm_interfaces/msg/detail/joystick_buttons__functions.c
[5.514s] -- Up-to-date: /home/nums/uw_mm/install/mm_interfaces/include/mm_interfaces/mm_interfaces/msg/detail/joystick_buttons__type_support.h
[5.515s] -- Up-to-date: /home/nums/uw_mm/install/mm_interfaces/include/mm_interfaces/mm_interfaces/msg/detail/joystick_buttons__struct.h
[5.517s] -- Up-to-date: /home/nums/uw_mm/install/mm_interfaces/include/mm_interfaces/mm_interfaces/msg/detail/joystick_buttons__functions.h
[5.518s] -- Up-to-date: /home/nums/uw_mm/install/mm_interfaces/include/mm_interfaces/mm_interfaces/msg/joystick_buttons.h
[5.519s] -- Up-to-date: /home/nums/uw_mm/install/mm_interfaces/include/mm_interfaces/mm_interfaces/msg/rosidl_generator_c__visibility_control.h
[5.519s] -- Up-to-date: /home/nums/uw_mm/install/mm_interfaces/share/mm_interfaces/environment/library_path.sh
[5.520s] -- Up-to-date: /home/nums/uw_mm/install/mm_interfaces/share/mm_interfaces/environment/library_path.dsv
[5.522s] -- Up-to-date: /home/nums/uw_mm/install/mm_interfaces/lib/libmm_interfaces__rosidl_generator_c.so
[5.523s] -- Up-to-date: /home/nums/uw_mm/install/mm_interfaces/include/mm_interfaces/mm_interfaces
[5.524s] -- Up-to-date: /home/nums/uw_mm/install/mm_interfaces/include/mm_interfaces/mm_interfaces/msg
[5.525s] -- Up-to-date: /home/nums/uw_mm/install/mm_interfaces/include/mm_interfaces/mm_interfaces/msg/detail
[5.525s] -- Up-to-date: /home/nums/uw_mm/install/mm_interfaces/include/mm_interfaces/mm_interfaces/msg/detail/joystick_buttons__rosidl_typesupport_fastrtps_c.h
[5.526s] -- Up-to-date: /home/nums/uw_mm/install/mm_interfaces/include/mm_interfaces/mm_interfaces/msg/rosidl_typesupport_fastrtps_c__visibility_control.h
[5.527s] -- Up-to-date: /home/nums/uw_mm/install/mm_interfaces/lib/libmm_interfaces__rosidl_typesupport_fastrtps_c.so
[5.528s] -- Up-to-date: /home/nums/uw_mm/install/mm_interfaces/include/mm_interfaces/mm_interfaces
[5.529s] -- Up-to-date: /home/nums/uw_mm/install/mm_interfaces/include/mm_interfaces/mm_interfaces/msg
[5.530s] -- Up-to-date: /home/nums/uw_mm/install/mm_interfaces/include/mm_interfaces/mm_interfaces/msg/detail
[5.531s] -- Up-to-date: /home/nums/uw_mm/install/mm_interfaces/include/mm_interfaces/mm_interfaces/msg/detail/joystick_buttons__rosidl_typesupport_introspection_c.h
[5.532s] -- Up-to-date: /home/nums/uw_mm/install/mm_interfaces/include/mm_interfaces/mm_interfaces/msg/detail/joystick_buttons__type_support.c
[5.533s] -- Up-to-date: /home/nums/uw_mm/install/mm_interfaces/include/mm_interfaces/mm_interfaces/msg/rosidl_typesupport_introspection_c__visibility_control.h
[5.534s] -- Up-to-date: /home/nums/uw_mm/install/mm_interfaces/lib/libmm_interfaces__rosidl_typesupport_introspection_c.so
[5.535s] -- Up-to-date: /home/nums/uw_mm/install/mm_interfaces/lib/libmm_interfaces__rosidl_typesupport_c.so
[5.535s] -- Up-to-date: /home/nums/uw_mm/install/mm_interfaces/include/mm_interfaces/mm_interfaces
[5.536s] -- Up-to-date: /home/nums/uw_mm/install/mm_interfaces/include/mm_interfaces/mm_interfaces/msg
[5.538s] -- Up-to-date: /home/nums/uw_mm/install/mm_interfaces/include/mm_interfaces/mm_interfaces/msg/detail
[5.538s] -- Up-to-date: /home/nums/uw_mm/install/mm_interfaces/include/mm_interfaces/mm_interfaces/msg/detail/joystick_buttons__struct.hpp
[5.539s] -- Up-to-date: /home/nums/uw_mm/install/mm_interfaces/include/mm_interfaces/mm_interfaces/msg/detail/joystick_buttons__builder.hpp
[5.540s] -- Up-to-date: /home/nums/uw_mm/install/mm_interfaces/include/mm_interfaces/mm_interfaces/msg/detail/joystick_buttons__traits.hpp
[5.541s] -- Up-to-date: /home/nums/uw_mm/install/mm_interfaces/include/mm_interfaces/mm_interfaces/msg/joystick_buttons.hpp
[5.542s] -- Up-to-date: /home/nums/uw_mm/install/mm_interfaces/include/mm_interfaces/mm_interfaces
[5.543s] -- Up-to-date: /home/nums/uw_mm/install/mm_interfaces/include/mm_interfaces/mm_interfaces/msg
[5.543s] -- Up-to-date: /home/nums/uw_mm/install/mm_interfaces/include/mm_interfaces/mm_interfaces/msg/detail
[5.544s] -- Up-to-date: /home/nums/uw_mm/install/mm_interfaces/include/mm_interfaces/mm_interfaces/msg/detail/dds_fastrtps
[5.547s] -- Up-to-date: /home/nums/uw_mm/install/mm_interfaces/include/mm_interfaces/mm_interfaces/msg/detail/joystick_buttons__rosidl_typesupport_fastrtps_cpp.hpp
[5.548s] -- Up-to-date: /home/nums/uw_mm/install/mm_interfaces/include/mm_interfaces/mm_interfaces/msg/rosidl_typesupport_fastrtps_cpp__visibility_control.h
[5.549s] -- Up-to-date: /home/nums/uw_mm/install/mm_interfaces/lib/libmm_interfaces__rosidl_typesupport_fastrtps_cpp.so
[5.550s] -- Up-to-date: /home/nums/uw_mm/install/mm_interfaces/include/mm_interfaces/mm_interfaces
[5.552s] -- Up-to-date: /home/nums/uw_mm/install/mm_interfaces/include/mm_interfaces/mm_interfaces/msg
[5.553s] -- Up-to-date: /home/nums/uw_mm/install/mm_interfaces/include/mm_interfaces/mm_interfaces/msg/detail
[5.555s] -- Up-to-date: /home/nums/uw_mm/install/mm_interfaces/include/mm_interfaces/mm_interfaces/msg/detail/joystick_buttons__rosidl_typesupport_introspection_cpp.hpp
[5.556s] -- Up-to-date: /home/nums/uw_mm/install/mm_interfaces/include/mm_interfaces/mm_interfaces/msg/detail/joystick_buttons__type_support.cpp
[5.557s] -- Up-to-date: /home/nums/uw_mm/install/mm_interfaces/lib/libmm_interfaces__rosidl_typesupport_introspection_cpp.so
[5.558s] -- Up-to-date: /home/nums/uw_mm/install/mm_interfaces/lib/libmm_interfaces__rosidl_typesupport_cpp.so
[5.559s] -- Up-to-date: /home/nums/uw_mm/install/mm_interfaces/share/mm_interfaces/environment/pythonpath.sh
[5.560s] -- Up-to-date: /home/nums/uw_mm/install/mm_interfaces/share/mm_interfaces/environment/pythonpath.dsv
[5.560s] -- Up-to-date: /home/nums/uw_mm/install/mm_interfaces/local/lib/python3.10/dist-packages/mm_interfaces-0.0.0-py3.10.egg-info
[5.561s] -- Installing: /home/nums/uw_mm/install/mm_interfaces/local/lib/python3.10/dist-packages/mm_interfaces-0.0.0-py3.10.egg-info/dependency_links.txt
[5.561s] -- Installing: /home/nums/uw_mm/install/mm_interfaces/local/lib/python3.10/dist-packages/mm_interfaces-0.0.0-py3.10.egg-info/top_level.txt
[5.562s] -- Installing: /home/nums/uw_mm/install/mm_interfaces/local/lib/python3.10/dist-packages/mm_interfaces-0.0.0-py3.10.egg-info/SOURCES.txt
[5.562s] -- Installing: /home/nums/uw_mm/install/mm_interfaces/local/lib/python3.10/dist-packages/mm_interfaces-0.0.0-py3.10.egg-info/PKG-INFO
[5.563s] -- Up-to-date: /home/nums/uw_mm/install/mm_interfaces/local/lib/python3.10/dist-packages/mm_interfaces
[5.563s] -- Up-to-date: /home/nums/uw_mm/install/mm_interfaces/local/lib/python3.10/dist-packages/mm_interfaces/libmm_interfaces__rosidl_generator_py.so
[5.563s] -- Up-to-date: /home/nums/uw_mm/install/mm_interfaces/local/lib/python3.10/dist-packages/mm_interfaces/mm_interfaces_s__rosidl_typesupport_c.cpython-310-x86_64-linux-gnu.so
[5.564s] -- Up-to-date: /home/nums/uw_mm/install/mm_interfaces/local/lib/python3.10/dist-packages/mm_interfaces/_mm_interfaces_s.ep.rosidl_typesupport_c.c
[5.564s] -- Up-to-date: /home/nums/uw_mm/install/mm_interfaces/local/lib/python3.10/dist-packages/mm_interfaces/_mm_interfaces_s.ep.rosidl_typesupport_fastrtps_c.c
[5.565s] -- Up-to-date: /home/nums/uw_mm/install/mm_interfaces/local/lib/python3.10/dist-packages/mm_interfaces/msg
[5.565s] -- Up-to-date: /home/nums/uw_mm/install/mm_interfaces/local/lib/python3.10/dist-packages/mm_interfaces/msg/_joystick_buttons.py
[5.566s] -- Up-to-date: /home/nums/uw_mm/install/mm_interfaces/local/lib/python3.10/dist-packages/mm_interfaces/msg/__init__.py
[5.566s] -- Up-to-date: /home/nums/uw_mm/install/mm_interfaces/local/lib/python3.10/dist-packages/mm_interfaces/msg/_joystick_buttons_s.c
[5.567s] -- Up-to-date: /home/nums/uw_mm/install/mm_interfaces/local/lib/python3.10/dist-packages/mm_interfaces/__init__.py
[5.567s] -- Up-to-date: /home/nums/uw_mm/install/mm_interfaces/local/lib/python3.10/dist-packages/mm_interfaces/_mm_interfaces_s.ep.rosidl_typesupport_introspection_c.c
[5.568s] -- Up-to-date: /home/nums/uw_mm/install/mm_interfaces/local/lib/python3.10/dist-packages/mm_interfaces/mm_interfaces_s__rosidl_typesupport_introspection_c.cpython-310-x86_64-linux-gnu.so
[5.569s] -- Up-to-date: /home/nums/uw_mm/install/mm_interfaces/local/lib/python3.10/dist-packages/mm_interfaces/mm_interfaces_s__rosidl_typesupport_fastrtps_c.cpython-310-x86_64-linux-gnu.so
[5.816s] Listing '/home/nums/uw_mm/install/mm_interfaces/local/lib/python3.10/dist-packages/mm_interfaces'...
[5.817s] Listing '/home/nums/uw_mm/install/mm_interfaces/local/lib/python3.10/dist-packages/mm_interfaces/msg'...
[5.847s] -- Up-to-date: /home/nums/uw_mm/install/mm_interfaces/local/lib/python3.10/dist-packages/mm_interfaces/mm_interfaces_s__rosidl_typesupport_fastrtps_c.cpython-310-x86_64-linux-gnu.so
[5.850s] -- Up-to-date: /home/nums/uw_mm/install/mm_interfaces/local/lib/python3.10/dist-packages/mm_interfaces/mm_interfaces_s__rosidl_typesupport_introspection_c.cpython-310-x86_64-linux-gnu.so
[5.853s] -- Up-to-date: /home/nums/uw_mm/install/mm_interfaces/local/lib/python3.10/dist-packages/mm_interfaces/mm_interfaces_s__rosidl_typesupport_c.cpython-310-x86_64-linux-gnu.so
[5.856s] -- Up-to-date: /home/nums/uw_mm/install/mm_interfaces/lib/libmm_interfaces__rosidl_generator_py.so
[5.859s] -- Up-to-date: /home/nums/uw_mm/install/mm_interfaces/share/mm_interfaces/msg/JoystickButtons.idl
[5.861s] -- Up-to-date: /home/nums/uw_mm/install/mm_interfaces/share/mm_interfaces/msg/JoystickButtons.msg
[5.862s] -- Up-to-date: /home/nums/uw_mm/install/mm_interfaces/share/ament_index/resource_index/package_run_dependencies/mm_interfaces
[5.863s] -- Up-to-date: /home/nums/uw_mm/install/mm_interfaces/share/ament_index/resource_index/parent_prefix_path/mm_interfaces
[5.863s] -- Up-to-date: /home/nums/uw_mm/install/mm_interfaces/share/mm_interfaces/environment/ament_prefix_path.sh
[5.864s] -- Up-to-date: /home/nums/uw_mm/install/mm_interfaces/share/mm_interfaces/environment/ament_prefix_path.dsv
[5.865s] -- Up-to-date: /home/nums/uw_mm/install/mm_interfaces/share/mm_interfaces/environment/path.sh
[5.866s] -- Up-to-date: /home/nums/uw_mm/install/mm_interfaces/share/mm_interfaces/environment/path.dsv
[5.867s] -- Up-to-date: /home/nums/uw_mm/install/mm_interfaces/share/mm_interfaces/local_setup.bash
[5.868s] -- Up-to-date: /home/nums/uw_mm/install/mm_interfaces/share/mm_interfaces/local_setup.sh
[5.870s] -- Up-to-date: /home/nums/uw_mm/install/mm_interfaces/share/mm_interfaces/local_setup.zsh
[5.871s] -- Up-to-date: /home/nums/uw_mm/install/mm_interfaces/share/mm_interfaces/local_setup.dsv
[5.872s] -- Installing: /home/nums/uw_mm/install/mm_interfaces/share/mm_interfaces/package.dsv
[5.873s] -- Up-to-date: /home/nums/uw_mm/install/mm_interfaces/share/ament_index/resource_index/packages/mm_interfaces
[5.874s] -- Up-to-date: /home/nums/uw_mm/install/mm_interfaces/share/mm_interfaces/cmake/export_mm_interfaces__rosidl_generator_cExport.cmake
[5.875s] -- Up-to-date: /home/nums/uw_mm/install/mm_interfaces/share/mm_interfaces/cmake/export_mm_interfaces__rosidl_generator_cExport-noconfig.cmake
[5.877s] -- Up-to-date: /home/nums/uw_mm/install/mm_interfaces/share/mm_interfaces/cmake/export_mm_interfaces__rosidl_typesupport_fastrtps_cExport.cmake
[5.879s] -- Up-to-date: /home/nums/uw_mm/install/mm_interfaces/share/mm_interfaces/cmake/export_mm_interfaces__rosidl_typesupport_fastrtps_cExport-noconfig.cmake
[5.880s] -- Up-to-date: /home/nums/uw_mm/install/mm_interfaces/share/mm_interfaces/cmake/mm_interfaces__rosidl_typesupport_introspection_cExport.cmake
[5.881s] -- Up-to-date: /home/nums/uw_mm/install/mm_interfaces/share/mm_interfaces/cmake/mm_interfaces__rosidl_typesupport_introspection_cExport-noconfig.cmake
[5.882s] -- Up-to-date: /home/nums/uw_mm/install/mm_interfaces/share/mm_interfaces/cmake/mm_interfaces__rosidl_typesupport_cExport.cmake
[5.883s] -- Up-to-date: /home/nums/uw_mm/install/mm_interfaces/share/mm_interfaces/cmake/mm_interfaces__rosidl_typesupport_cExport-noconfig.cmake
[5.884s] -- Up-to-date: /home/nums/uw_mm/install/mm_interfaces/share/mm_interfaces/cmake/export_mm_interfaces__rosidl_generator_cppExport.cmake
[5.885s] -- Up-to-date: /home/nums/uw_mm/install/mm_interfaces/share/mm_interfaces/cmake/export_mm_interfaces__rosidl_typesupport_fastrtps_cppExport.cmake
[5.886s] -- Up-to-date: /home/nums/uw_mm/install/mm_interfaces/share/mm_interfaces/cmake/export_mm_interfaces__rosidl_typesupport_fastrtps_cppExport-noconfig.cmake
[5.887s] -- Up-to-date: /home/nums/uw_mm/install/mm_interfaces/share/mm_interfaces/cmake/mm_interfaces__rosidl_typesupport_introspection_cppExport.cmake
[5.888s] -- Up-to-date: /home/nums/uw_mm/install/mm_interfaces/share/mm_interfaces/cmake/mm_interfaces__rosidl_typesupport_introspection_cppExport-noconfig.cmake
[5.889s] -- Up-to-date: /home/nums/uw_mm/install/mm_interfaces/share/mm_interfaces/cmake/mm_interfaces__rosidl_typesupport_cppExport.cmake
[5.890s] -- Up-to-date: /home/nums/uw_mm/install/mm_interfaces/share/mm_interfaces/cmake/mm_interfaces__rosidl_typesupport_cppExport-noconfig.cmake
[5.891s] -- Up-to-date: /home/nums/uw_mm/install/mm_interfaces/share/mm_interfaces/cmake/export_mm_interfaces__rosidl_generator_pyExport.cmake
[5.894s] -- Up-to-date: /home/nums/uw_mm/install/mm_interfaces/share/mm_interfaces/cmake/export_mm_interfaces__rosidl_generator_pyExport-noconfig.cmake
[5.900s] -- Up-to-date: /home/nums/uw_mm/install/mm_interfaces/share/mm_interfaces/cmake/rosidl_cmake-extras.cmake
[5.901s] -- Up-to-date: /home/nums/uw_mm/install/mm_interfaces/share/mm_interfaces/cmake/ament_cmake_export_include_directories-extras.cmake
[5.902s] -- Up-to-date: /home/nums/uw_mm/install/mm_interfaces/share/mm_interfaces/cmake/ament_cmake_export_libraries-extras.cmake
[5.903s] -- Up-to-date: /home/nums/uw_mm/install/mm_interfaces/share/mm_interfaces/cmake/ament_cmake_export_targets-extras.cmake
[5.905s] -- Up-to-date: /home/nums/uw_mm/install/mm_interfaces/share/mm_interfaces/cmake/rosidl_cmake_export_typesupport_targets-extras.cmake
[5.906s] -- Up-to-date: /home/nums/uw_mm/install/mm_interfaces/share/mm_interfaces/cmake/ament_cmake_export_dependencies-extras.cmake
[5.908s] -- Up-to-date: /home/nums/uw_mm/install/mm_interfaces/share/mm_interfaces/cmake/rosidl_cmake_export_typesupport_libraries-extras.cmake
[5.909s] -- Up-to-date: /home/nums/uw_mm/install/mm_interfaces/share/mm_interfaces/cmake/mm_interfacesConfig.cmake
[5.911s] -- Up-to-date: /home/nums/uw_mm/install/mm_interfaces/share/mm_interfaces/cmake/mm_interfacesConfig-version.cmake
[5.915s] -- Up-to-date: /home/nums/uw_mm/install/mm_interfaces/share/mm_interfaces/package.xml
[5.917s] Invoked command in '/home/nums/uw_mm/build/mm_interfaces' returned '0': CMAKE_PREFIX_PATH=${CMAKE_PREFIX_PATH}:/home/nums/uw_mm/install/mm_client:/opt/ros/humble /usr/bin/cmake --install /home/nums/uw_mm/build/mm_interfaces
