running egg_info
creating ../../build/mm_client/mm_client.egg-info
writing ../../build/mm_client/mm_client.egg-info/PKG-INFO
writing dependency_links to ../../build/mm_client/mm_client.egg-info/dependency_links.txt
writing entry points to ../../build/mm_client/mm_client.egg-info/entry_points.txt
writing requirements to ../../build/mm_client/mm_client.egg-info/requires.txt
writing top-level names to ../../build/mm_client/mm_client.egg-info/top_level.txt
writing manifest file '../../build/mm_client/mm_client.egg-info/SOURCES.txt'
reading manifest file '../../build/mm_client/mm_client.egg-info/SOURCES.txt'
writing manifest file '../../build/mm_client/mm_client.egg-info/SOURCES.txt'
running build
running build_py
creating /home/nums/uw_mm/build/mm_client/build
creating /home/nums/uw_mm/build/mm_client/build/lib
creating /home/nums/uw_mm/build/mm_client/build/lib/mm_client
copying mm_client/__init__.py -> /home/nums/uw_mm/build/mm_client/build/lib/mm_client
copying mm_client/MMClientNode.py -> /home/nums/uw_mm/build/mm_client/build/lib/mm_client
copying mm_client/OculusController.py -> /home/nums/uw_mm/build/mm_client/build/lib/mm_client
creating /home/nums/uw_mm/build/mm_client/build/lib/mm_client/oculus_reader
copying mm_client/oculus_reader/__init__.py -> /home/nums/uw_mm/build/mm_client/build/lib/mm_client/oculus_reader
copying mm_client/oculus_reader/setup.py -> /home/nums/uw_mm/build/mm_client/build/lib/mm_client/oculus_reader
creating /home/nums/uw_mm/build/mm_client/build/lib/mm_client/oculus_reader/oculus_reader
copying mm_client/oculus_reader/oculus_reader/install.py -> /home/nums/uw_mm/build/mm_client/build/lib/mm_client/oculus_reader/oculus_reader
copying mm_client/oculus_reader/oculus_reader/FPS_counter.py -> /home/nums/uw_mm/build/mm_client/build/lib/mm_client/oculus_reader/oculus_reader
copying mm_client/oculus_reader/oculus_reader/reader.py -> /home/nums/uw_mm/build/mm_client/build/lib/mm_client/oculus_reader/oculus_reader
copying mm_client/oculus_reader/oculus_reader/__init__.py -> /home/nums/uw_mm/build/mm_client/build/lib/mm_client/oculus_reader/oculus_reader
copying mm_client/oculus_reader/oculus_reader/buttons_parser.py -> /home/nums/uw_mm/build/mm_client/build/lib/mm_client/oculus_reader/oculus_reader
copying mm_client/oculus_reader/oculus_reader/visualize_oculus_transforms.py -> /home/nums/uw_mm/build/mm_client/build/lib/mm_client/oculus_reader/oculus_reader
running install
running install_lib
creating /home/nums/uw_mm/install/mm_client/lib/python3.10/site-packages/mm_client
creating /home/nums/uw_mm/install/mm_client/lib/python3.10/site-packages/mm_client/oculus_reader
creating /home/nums/uw_mm/install/mm_client/lib/python3.10/site-packages/mm_client/oculus_reader/oculus_reader
copying /home/nums/uw_mm/build/mm_client/build/lib/mm_client/oculus_reader/oculus_reader/install.py -> /home/nums/uw_mm/install/mm_client/lib/python3.10/site-packages/mm_client/oculus_reader/oculus_reader
copying /home/nums/uw_mm/build/mm_client/build/lib/mm_client/oculus_reader/oculus_reader/FPS_counter.py -> /home/nums/uw_mm/install/mm_client/lib/python3.10/site-packages/mm_client/oculus_reader/oculus_reader
copying /home/nums/uw_mm/build/mm_client/build/lib/mm_client/oculus_reader/oculus_reader/reader.py -> /home/nums/uw_mm/install/mm_client/lib/python3.10/site-packages/mm_client/oculus_reader/oculus_reader
copying /home/nums/uw_mm/build/mm_client/build/lib/mm_client/oculus_reader/oculus_reader/__init__.py -> /home/nums/uw_mm/install/mm_client/lib/python3.10/site-packages/mm_client/oculus_reader/oculus_reader
copying /home/nums/uw_mm/build/mm_client/build/lib/mm_client/oculus_reader/oculus_reader/buttons_parser.py -> /home/nums/uw_mm/install/mm_client/lib/python3.10/site-packages/mm_client/oculus_reader/oculus_reader
copying /home/nums/uw_mm/build/mm_client/build/lib/mm_client/oculus_reader/oculus_reader/visualize_oculus_transforms.py -> /home/nums/uw_mm/install/mm_client/lib/python3.10/site-packages/mm_client/oculus_reader/oculus_reader
copying /home/nums/uw_mm/build/mm_client/build/lib/mm_client/oculus_reader/__init__.py -> /home/nums/uw_mm/install/mm_client/lib/python3.10/site-packages/mm_client/oculus_reader
copying /home/nums/uw_mm/build/mm_client/build/lib/mm_client/oculus_reader/setup.py -> /home/nums/uw_mm/install/mm_client/lib/python3.10/site-packages/mm_client/oculus_reader
copying /home/nums/uw_mm/build/mm_client/build/lib/mm_client/__init__.py -> /home/nums/uw_mm/install/mm_client/lib/python3.10/site-packages/mm_client
copying /home/nums/uw_mm/build/mm_client/build/lib/mm_client/MMClientNode.py -> /home/nums/uw_mm/install/mm_client/lib/python3.10/site-packages/mm_client
copying /home/nums/uw_mm/build/mm_client/build/lib/mm_client/OculusController.py -> /home/nums/uw_mm/install/mm_client/lib/python3.10/site-packages/mm_client
byte-compiling /home/nums/uw_mm/install/mm_client/lib/python3.10/site-packages/mm_client/oculus_reader/oculus_reader/install.py to install.cpython-310.pyc
byte-compiling /home/nums/uw_mm/install/mm_client/lib/python3.10/site-packages/mm_client/oculus_reader/oculus_reader/FPS_counter.py to FPS_counter.cpython-310.pyc
byte-compiling /home/nums/uw_mm/install/mm_client/lib/python3.10/site-packages/mm_client/oculus_reader/oculus_reader/reader.py to reader.cpython-310.pyc
byte-compiling /home/nums/uw_mm/install/mm_client/lib/python3.10/site-packages/mm_client/oculus_reader/oculus_reader/__init__.py to __init__.cpython-310.pyc
byte-compiling /home/nums/uw_mm/install/mm_client/lib/python3.10/site-packages/mm_client/oculus_reader/oculus_reader/buttons_parser.py to buttons_parser.cpython-310.pyc
byte-compiling /home/nums/uw_mm/install/mm_client/lib/python3.10/site-packages/mm_client/oculus_reader/oculus_reader/visualize_oculus_transforms.py to visualize_oculus_transforms.cpython-310.pyc
byte-compiling /home/nums/uw_mm/install/mm_client/lib/python3.10/site-packages/mm_client/oculus_reader/__init__.py to __init__.cpython-310.pyc
byte-compiling /home/nums/uw_mm/install/mm_client/lib/python3.10/site-packages/mm_client/oculus_reader/setup.py to setup.cpython-310.pyc
byte-compiling /home/nums/uw_mm/install/mm_client/lib/python3.10/site-packages/mm_client/__init__.py to __init__.cpython-310.pyc
byte-compiling /home/nums/uw_mm/install/mm_client/lib/python3.10/site-packages/mm_client/MMClientNode.py to MMClientNode.cpython-310.pyc
byte-compiling /home/nums/uw_mm/install/mm_client/lib/python3.10/site-packages/mm_client/OculusController.py to OculusController.cpython-310.pyc
running install_data
creating /home/nums/uw_mm/install/mm_client/share/ament_index
creating /home/nums/uw_mm/install/mm_client/share/ament_index/resource_index
creating /home/nums/uw_mm/install/mm_client/share/ament_index/resource_index/packages
copying resource/mm_client -> /home/nums/uw_mm/install/mm_client/share/ament_index/resource_index/packages
copying package.xml -> /home/nums/uw_mm/install/mm_client/share/mm_client
running install_egg_info
Copying ../../build/mm_client/mm_client.egg-info to /home/nums/uw_mm/install/mm_client/lib/python3.10/site-packages/mm_client-0.0.0-py3.10.egg-info
running install_scripts
writing list of installed files to '/home/nums/uw_mm/build/mm_client/install.log'
