[4.532s] Invoking command in '/home/nums/uw_mm/src/mm_client': PYTHONPATH=/home/nums/uw_mm/build/mm_client/prefix_override:/usr/lib/python3/dist-packages/colcon_core/task/python/colcon_distutils_commands:/home/nums/uw_mm/install/mm_client/lib/python3.10/site-packages:${PYTHONPATH} /usr/bin/python3 -W ignore:setup.py install is deprecated setup.py egg_info --egg-base ../../build/mm_client build --build-base /home/nums/uw_mm/build/mm_client/build install --record /home/nums/uw_mm/build/mm_client/install.log --single-version-externally-managed install_data
[6.270s] running egg_info
[6.273s] creating ../../build/mm_client/mm_client.egg-info
[6.275s] writing ../../build/mm_client/mm_client.egg-info/PKG-INFO
[6.276s] writing dependency_links to ../../build/mm_client/mm_client.egg-info/dependency_links.txt
[6.277s] writing entry points to ../../build/mm_client/mm_client.egg-info/entry_points.txt
[6.278s] writing requirements to ../../build/mm_client/mm_client.egg-info/requires.txt
[6.279s] writing top-level names to ../../build/mm_client/mm_client.egg-info/top_level.txt
[6.280s] writing manifest file '../../build/mm_client/mm_client.egg-info/SOURCES.txt'
[6.291s] reading manifest file '../../build/mm_client/mm_client.egg-info/SOURCES.txt'
[6.295s] writing manifest file '../../build/mm_client/mm_client.egg-info/SOURCES.txt'
[6.297s] running build
[6.298s] running build_py
[6.299s] creating /home/nums/uw_mm/build/mm_client/build
[6.300s] creating /home/nums/uw_mm/build/mm_client/build/lib
[6.301s] creating /home/nums/uw_mm/build/mm_client/build/lib/mm_client
[6.302s] copying mm_client/__init__.py -> /home/nums/uw_mm/build/mm_client/build/lib/mm_client
[6.304s] copying mm_client/MMClientNode.py -> /home/nums/uw_mm/build/mm_client/build/lib/mm_client
[6.305s] copying mm_client/OculusController.py -> /home/nums/uw_mm/build/mm_client/build/lib/mm_client
[6.306s] creating /home/nums/uw_mm/build/mm_client/build/lib/mm_client/oculus_reader
[6.306s] copying mm_client/oculus_reader/__init__.py -> /home/nums/uw_mm/build/mm_client/build/lib/mm_client/oculus_reader
[6.307s] copying mm_client/oculus_reader/setup.py -> /home/nums/uw_mm/build/mm_client/build/lib/mm_client/oculus_reader
[6.308s] creating /home/nums/uw_mm/build/mm_client/build/lib/mm_client/oculus_reader/oculus_reader
[6.308s] copying mm_client/oculus_reader/oculus_reader/install.py -> /home/nums/uw_mm/build/mm_client/build/lib/mm_client/oculus_reader/oculus_reader
[6.308s] copying mm_client/oculus_reader/oculus_reader/FPS_counter.py -> /home/nums/uw_mm/build/mm_client/build/lib/mm_client/oculus_reader/oculus_reader
[6.309s] copying mm_client/oculus_reader/oculus_reader/reader.py -> /home/nums/uw_mm/build/mm_client/build/lib/mm_client/oculus_reader/oculus_reader
[6.309s] copying mm_client/oculus_reader/oculus_reader/__init__.py -> /home/nums/uw_mm/build/mm_client/build/lib/mm_client/oculus_reader/oculus_reader
[6.310s] copying mm_client/oculus_reader/oculus_reader/buttons_parser.py -> /home/nums/uw_mm/build/mm_client/build/lib/mm_client/oculus_reader/oculus_reader
[6.310s] copying mm_client/oculus_reader/oculus_reader/visualize_oculus_transforms.py -> /home/nums/uw_mm/build/mm_client/build/lib/mm_client/oculus_reader/oculus_reader
[6.314s] running install
[6.317s] running install_lib
[6.322s] creating /home/nums/uw_mm/install/mm_client/lib/python3.10/site-packages/mm_client
[6.323s] creating /home/nums/uw_mm/install/mm_client/lib/python3.10/site-packages/mm_client/oculus_reader
[6.324s] creating /home/nums/uw_mm/install/mm_client/lib/python3.10/site-packages/mm_client/oculus_reader/oculus_reader
[6.325s] copying /home/nums/uw_mm/build/mm_client/build/lib/mm_client/oculus_reader/oculus_reader/install.py -> /home/nums/uw_mm/install/mm_client/lib/python3.10/site-packages/mm_client/oculus_reader/oculus_reader
[6.326s] copying /home/nums/uw_mm/build/mm_client/build/lib/mm_client/oculus_reader/oculus_reader/FPS_counter.py -> /home/nums/uw_mm/install/mm_client/lib/python3.10/site-packages/mm_client/oculus_reader/oculus_reader
[6.327s] copying /home/nums/uw_mm/build/mm_client/build/lib/mm_client/oculus_reader/oculus_reader/reader.py -> /home/nums/uw_mm/install/mm_client/lib/python3.10/site-packages/mm_client/oculus_reader/oculus_reader
[6.329s] copying /home/nums/uw_mm/build/mm_client/build/lib/mm_client/oculus_reader/oculus_reader/__init__.py -> /home/nums/uw_mm/install/mm_client/lib/python3.10/site-packages/mm_client/oculus_reader/oculus_reader
[6.330s] copying /home/nums/uw_mm/build/mm_client/build/lib/mm_client/oculus_reader/oculus_reader/buttons_parser.py -> /home/nums/uw_mm/install/mm_client/lib/python3.10/site-packages/mm_client/oculus_reader/oculus_reader
[6.331s] copying /home/nums/uw_mm/build/mm_client/build/lib/mm_client/oculus_reader/oculus_reader/visualize_oculus_transforms.py -> /home/nums/uw_mm/install/mm_client/lib/python3.10/site-packages/mm_client/oculus_reader/oculus_reader
[6.332s] copying /home/nums/uw_mm/build/mm_client/build/lib/mm_client/oculus_reader/__init__.py -> /home/nums/uw_mm/install/mm_client/lib/python3.10/site-packages/mm_client/oculus_reader
[6.333s] copying /home/nums/uw_mm/build/mm_client/build/lib/mm_client/oculus_reader/setup.py -> /home/nums/uw_mm/install/mm_client/lib/python3.10/site-packages/mm_client/oculus_reader
[6.334s] copying /home/nums/uw_mm/build/mm_client/build/lib/mm_client/__init__.py -> /home/nums/uw_mm/install/mm_client/lib/python3.10/site-packages/mm_client
[6.334s] copying /home/nums/uw_mm/build/mm_client/build/lib/mm_client/MMClientNode.py -> /home/nums/uw_mm/install/mm_client/lib/python3.10/site-packages/mm_client
[6.335s] copying /home/nums/uw_mm/build/mm_client/build/lib/mm_client/OculusController.py -> /home/nums/uw_mm/install/mm_client/lib/python3.10/site-packages/mm_client
[6.336s] byte-compiling /home/nums/uw_mm/install/mm_client/lib/python3.10/site-packages/mm_client/oculus_reader/oculus_reader/install.py to install.cpython-310.pyc
[6.337s] byte-compiling /home/nums/uw_mm/install/mm_client/lib/python3.10/site-packages/mm_client/oculus_reader/oculus_reader/FPS_counter.py to FPS_counter.cpython-310.pyc
[6.338s] byte-compiling /home/nums/uw_mm/install/mm_client/lib/python3.10/site-packages/mm_client/oculus_reader/oculus_reader/reader.py to reader.cpython-310.pyc
[6.348s] byte-compiling /home/nums/uw_mm/install/mm_client/lib/python3.10/site-packages/mm_client/oculus_reader/oculus_reader/__init__.py to __init__.cpython-310.pyc
[6.349s] byte-compiling /home/nums/uw_mm/install/mm_client/lib/python3.10/site-packages/mm_client/oculus_reader/oculus_reader/buttons_parser.py to buttons_parser.cpython-310.pyc
[6.352s] byte-compiling /home/nums/uw_mm/install/mm_client/lib/python3.10/site-packages/mm_client/oculus_reader/oculus_reader/visualize_oculus_transforms.py to visualize_oculus_transforms.cpython-310.pyc
[6.354s] byte-compiling /home/nums/uw_mm/install/mm_client/lib/python3.10/site-packages/mm_client/oculus_reader/__init__.py to __init__.cpython-310.pyc
[6.356s] byte-compiling /home/nums/uw_mm/install/mm_client/lib/python3.10/site-packages/mm_client/oculus_reader/setup.py to setup.cpython-310.pyc
[6.358s] byte-compiling /home/nums/uw_mm/install/mm_client/lib/python3.10/site-packages/mm_client/__init__.py to __init__.cpython-310.pyc
[6.358s] byte-compiling /home/nums/uw_mm/install/mm_client/lib/python3.10/site-packages/mm_client/MMClientNode.py to MMClientNode.cpython-310.pyc
[6.361s] byte-compiling /home/nums/uw_mm/install/mm_client/lib/python3.10/site-packages/mm_client/OculusController.py to OculusController.cpython-310.pyc
[6.363s] running install_data
[6.364s] creating /home/nums/uw_mm/install/mm_client/share/ament_index
[6.364s] creating /home/nums/uw_mm/install/mm_client/share/ament_index/resource_index
[6.365s] creating /home/nums/uw_mm/install/mm_client/share/ament_index/resource_index/packages
[6.366s] copying resource/mm_client -> /home/nums/uw_mm/install/mm_client/share/ament_index/resource_index/packages
[6.366s] copying package.xml -> /home/nums/uw_mm/install/mm_client/share/mm_client
[6.367s] running install_egg_info
[6.380s] Copying ../../build/mm_client/mm_client.egg-info to /home/nums/uw_mm/install/mm_client/lib/python3.10/site-packages/mm_client-0.0.0-py3.10.egg-info
[6.386s] running install_scripts
[6.523s] writing list of installed files to '/home/nums/uw_mm/build/mm_client/install.log'
[6.648s] Invoked command in '/home/nums/uw_mm/src/mm_client' returned '0': PYTHONPATH=/home/nums/uw_mm/build/mm_client/prefix_override:/usr/lib/python3/dist-packages/colcon_core/task/python/colcon_distutils_commands:/home/nums/uw_mm/install/mm_client/lib/python3.10/site-packages:${PYTHONPATH} /usr/bin/python3 -W ignore:setup.py install is deprecated setup.py egg_info --egg-base ../../build/mm_client build --build-base /home/nums/uw_mm/build/mm_client/build install --record /home/nums/uw_mm/build/mm_client/install.log --single-version-externally-managed install_data
