[0.718s] DEBUG:colcon:Command line arguments: ['/usr/bin/colcon', 'build']
[0.719s] DEBUG:colcon:Parsed command line arguments: Namespace(log_base=None, log_level=None, verb_name='build', build_base='build', install_base='install', merge_install=False, symlink_install=False, test_result_base=None, continue_on_error=False, executor='parallel', parallel_workers=8, event_handlers=None, ignore_user_meta=False, metas=['./colcon.meta'], base_paths=['.'], packages_ignore=None, packages_ignore_regex=None, paths=None, packages_up_to=None, packages_up_to_regex=None, packages_above=None, packages_above_and_dependencies=None, packages_above_depth=None, packages_select_by_dep=None, packages_skip_by_dep=None, packages_skip_up_to=None, packages_select_build_failed=False, packages_skip_build_finished=False, packages_select_test_failures=False, packages_skip_test_passed=False, packages_select=None, packages_skip=None, packages_select_regex=None, packages_skip_regex=None, packages_start=None, packages_end=None, allow_overriding=[], cmake_args=None, cmake_target=None, cmake_target_skip_unavailable=False, cmake_clean_cache=False, cmake_clean_first=False, cmake_force_configure=False, ament_cmake_args=None, catkin_cmake_args=None, catkin_skip_building_tests=False, verb_parser=<colcon_defaults.argument_parser.defaults.DefaultArgumentsDecorator object at 0x712ace93d420>, verb_extension=<colcon_core.verb.build.BuildVerb object at 0x712ace93cfd0>, main=<bound method BuildVerb.main of <colcon_core.verb.build.BuildVerb object at 0x712ace93cfd0>>)
[1.963s] Level 1:colcon.colcon_core.package_discovery:discover_packages(colcon_meta) check parameters
[1.964s] Level 1:colcon.colcon_core.package_discovery:discover_packages(recursive) check parameters
[1.964s] Level 1:colcon.colcon_core.package_discovery:discover_packages(ignore) check parameters
[1.965s] Level 1:colcon.colcon_core.package_discovery:discover_packages(path) check parameters
[1.965s] Level 1:colcon.colcon_core.package_discovery:discover_packages(colcon_meta) discover
[1.965s] Level 1:colcon.colcon_core.package_discovery:discover_packages(recursive) discover
[1.965s] INFO:colcon.colcon_core.package_discovery:Crawling recursively for packages in '/home/nums/uw_mm'
[1.966s] Level 1:colcon.colcon_core.package_identification:_identify(.) by extensions ['ignore', 'ignore_ament_install']
[1.967s] Level 1:colcon.colcon_core.package_identification:_identify(.) by extension 'ignore'
[1.967s] Level 1:colcon.colcon_core.package_identification:_identify(.) by extension 'ignore_ament_install'
[1.967s] Level 1:colcon.colcon_core.package_identification:_identify(.) by extensions ['colcon_pkg']
[1.968s] Level 1:colcon.colcon_core.package_identification:_identify(.) by extension 'colcon_pkg'
[1.968s] Level 1:colcon.colcon_core.package_identification:_identify(.) by extensions ['colcon_meta']
[1.968s] Level 1:colcon.colcon_core.package_identification:_identify(.) by extension 'colcon_meta'
[1.968s] Level 1:colcon.colcon_core.package_identification:_identify(.) by extensions ['ros']
[1.969s] Level 1:colcon.colcon_core.package_identification:_identify(.) by extension 'ros'
[2.041s] Level 1:colcon.colcon_core.package_identification:_identify(.) by extensions ['cmake', 'python']
[2.041s] Level 1:colcon.colcon_core.package_identification:_identify(.) by extension 'cmake'
[2.042s] Level 1:colcon.colcon_core.package_identification:_identify(.) by extension 'python'
[2.042s] Level 1:colcon.colcon_core.package_identification:_identify(.) by extensions ['python_setup_py']
[2.042s] Level 1:colcon.colcon_core.package_identification:_identify(.) by extension 'python_setup_py'
[2.043s] Level 1:colcon.colcon_core.package_identification:_identify(__pycache__) by extensions ['ignore', 'ignore_ament_install']
[2.044s] Level 1:colcon.colcon_core.package_identification:_identify(__pycache__) by extension 'ignore'
[2.044s] Level 1:colcon.colcon_core.package_identification:_identify(__pycache__) by extension 'ignore_ament_install'
[2.044s] Level 1:colcon.colcon_core.package_identification:_identify(__pycache__) by extensions ['colcon_pkg']
[2.045s] Level 1:colcon.colcon_core.package_identification:_identify(__pycache__) by extension 'colcon_pkg'
[2.045s] Level 1:colcon.colcon_core.package_identification:_identify(__pycache__) by extensions ['colcon_meta']
[2.045s] Level 1:colcon.colcon_core.package_identification:_identify(__pycache__) by extension 'colcon_meta'
[2.046s] Level 1:colcon.colcon_core.package_identification:_identify(__pycache__) by extensions ['ros']
[2.046s] Level 1:colcon.colcon_core.package_identification:_identify(__pycache__) by extension 'ros'
[2.046s] Level 1:colcon.colcon_core.package_identification:_identify(__pycache__) by extensions ['cmake', 'python']
[2.047s] Level 1:colcon.colcon_core.package_identification:_identify(__pycache__) by extension 'cmake'
[2.047s] Level 1:colcon.colcon_core.package_identification:_identify(__pycache__) by extension 'python'
[2.047s] Level 1:colcon.colcon_core.package_identification:_identify(__pycache__) by extensions ['python_setup_py']
[2.047s] Level 1:colcon.colcon_core.package_identification:_identify(__pycache__) by extension 'python_setup_py'
[2.048s] Level 1:colcon.colcon_core.package_identification:_identify(build) by extensions ['ignore', 'ignore_ament_install']
[2.049s] Level 1:colcon.colcon_core.package_identification:_identify(build) by extension 'ignore'
[2.049s] Level 1:colcon.colcon_core.package_identification:_identify(build) ignored
[2.050s] Level 1:colcon.colcon_core.package_identification:_identify(install) by extensions ['ignore', 'ignore_ament_install']
[2.050s] Level 1:colcon.colcon_core.package_identification:_identify(install) by extension 'ignore'
[2.051s] Level 1:colcon.colcon_core.package_identification:_identify(install) ignored
[2.051s] Level 1:colcon.colcon_core.package_identification:_identify(log) by extensions ['ignore', 'ignore_ament_install']
[2.052s] Level 1:colcon.colcon_core.package_identification:_identify(log) by extension 'ignore'
[2.052s] Level 1:colcon.colcon_core.package_identification:_identify(log) ignored
[2.053s] Level 1:colcon.colcon_core.package_identification:_identify(src) by extensions ['ignore', 'ignore_ament_install']
[2.053s] Level 1:colcon.colcon_core.package_identification:_identify(src) by extension 'ignore'
[2.053s] Level 1:colcon.colcon_core.package_identification:_identify(src) by extension 'ignore_ament_install'
[2.054s] Level 1:colcon.colcon_core.package_identification:_identify(src) by extensions ['colcon_pkg']
[2.054s] Level 1:colcon.colcon_core.package_identification:_identify(src) by extension 'colcon_pkg'
[2.054s] Level 1:colcon.colcon_core.package_identification:_identify(src) by extensions ['colcon_meta']
[2.055s] Level 1:colcon.colcon_core.package_identification:_identify(src) by extension 'colcon_meta'
[2.055s] Level 1:colcon.colcon_core.package_identification:_identify(src) by extensions ['ros']
[2.055s] Level 1:colcon.colcon_core.package_identification:_identify(src) by extension 'ros'
[2.056s] Level 1:colcon.colcon_core.package_identification:_identify(src) by extensions ['cmake', 'python']
[2.056s] Level 1:colcon.colcon_core.package_identification:_identify(src) by extension 'cmake'
[2.056s] Level 1:colcon.colcon_core.package_identification:_identify(src) by extension 'python'
[2.056s] Level 1:colcon.colcon_core.package_identification:_identify(src) by extensions ['python_setup_py']
[2.057s] Level 1:colcon.colcon_core.package_identification:_identify(src) by extension 'python_setup_py'
[2.057s] Level 1:colcon.colcon_core.package_identification:_identify(src/mm_client) by extensions ['ignore', 'ignore_ament_install']
[2.058s] Level 1:colcon.colcon_core.package_identification:_identify(src/mm_client) by extension 'ignore'
[2.058s] Level 1:colcon.colcon_core.package_identification:_identify(src/mm_client) by extension 'ignore_ament_install'
[2.059s] Level 1:colcon.colcon_core.package_identification:_identify(src/mm_client) by extensions ['colcon_pkg']
[2.059s] Level 1:colcon.colcon_core.package_identification:_identify(src/mm_client) by extension 'colcon_pkg'
[2.059s] Level 1:colcon.colcon_core.package_identification:_identify(src/mm_client) by extensions ['colcon_meta']
[2.059s] Level 1:colcon.colcon_core.package_identification:_identify(src/mm_client) by extension 'colcon_meta'
[2.060s] Level 1:colcon.colcon_core.package_identification:_identify(src/mm_client) by extensions ['ros']
[2.060s] Level 1:colcon.colcon_core.package_identification:_identify(src/mm_client) by extension 'ros'
[2.075s] DEBUG:colcon.colcon_core.package_identification:Package 'src/mm_client' with type 'ros.ament_python' and name 'mm_client'
[2.076s] Level 1:colcon.colcon_core.package_identification:_identify(src/mm_interfaces) by extensions ['ignore', 'ignore_ament_install']
[2.077s] Level 1:colcon.colcon_core.package_identification:_identify(src/mm_interfaces) by extension 'ignore'
[2.077s] Level 1:colcon.colcon_core.package_identification:_identify(src/mm_interfaces) by extension 'ignore_ament_install'
[2.078s] Level 1:colcon.colcon_core.package_identification:_identify(src/mm_interfaces) by extensions ['colcon_pkg']
[2.078s] Level 1:colcon.colcon_core.package_identification:_identify(src/mm_interfaces) by extension 'colcon_pkg'
[2.078s] Level 1:colcon.colcon_core.package_identification:_identify(src/mm_interfaces) by extensions ['colcon_meta']
[2.079s] Level 1:colcon.colcon_core.package_identification:_identify(src/mm_interfaces) by extension 'colcon_meta'
[2.079s] Level 1:colcon.colcon_core.package_identification:_identify(src/mm_interfaces) by extensions ['ros']
[2.079s] Level 1:colcon.colcon_core.package_identification:_identify(src/mm_interfaces) by extension 'ros'
[2.082s] DEBUG:colcon.colcon_core.package_identification:Package 'src/mm_interfaces' with type 'ros.ament_cmake' and name 'mm_interfaces'
[2.083s] Level 1:colcon.colcon_core.package_discovery:discover_packages(recursive) using defaults
[2.083s] Level 1:colcon.colcon_core.package_discovery:discover_packages(ignore) discover
[2.083s] Level 1:colcon.colcon_core.package_discovery:discover_packages(ignore) using defaults
[2.083s] Level 1:colcon.colcon_core.package_discovery:discover_packages(path) discover
[2.084s] Level 1:colcon.colcon_core.package_discovery:discover_packages(path) using defaults
[2.208s] Level 1:colcon.colcon_core.package_discovery:discover_packages(prefix_path) check parameters
[2.209s] Level 1:colcon.colcon_core.package_discovery:discover_packages(prefix_path) discover
[2.219s] DEBUG:colcon.colcon_installed_package_information.package_discovery:Found 2 installed packages in /home/nums/uw_mm/install
[2.229s] DEBUG:colcon.colcon_installed_package_information.package_discovery:Found 270 installed packages in /opt/ros/humble
[2.277s] Level 1:colcon.colcon_core.package_discovery:discover_packages(prefix_path) using defaults
[2.527s] Level 5:colcon.colcon_core.verb:set package 'mm_client' build argument 'cmake_args' from command line to 'None'
[2.527s] Level 5:colcon.colcon_core.verb:set package 'mm_client' build argument 'cmake_target' from command line to 'None'
[2.527s] Level 5:colcon.colcon_core.verb:set package 'mm_client' build argument 'cmake_target_skip_unavailable' from command line to 'False'
[2.527s] Level 5:colcon.colcon_core.verb:set package 'mm_client' build argument 'cmake_clean_cache' from command line to 'False'
[2.528s] Level 5:colcon.colcon_core.verb:set package 'mm_client' build argument 'cmake_clean_first' from command line to 'False'
[2.528s] Level 5:colcon.colcon_core.verb:set package 'mm_client' build argument 'cmake_force_configure' from command line to 'False'
[2.528s] Level 5:colcon.colcon_core.verb:set package 'mm_client' build argument 'ament_cmake_args' from command line to 'None'
[2.528s] Level 5:colcon.colcon_core.verb:set package 'mm_client' build argument 'catkin_cmake_args' from command line to 'None'
[2.528s] Level 5:colcon.colcon_core.verb:set package 'mm_client' build argument 'catkin_skip_building_tests' from command line to 'False'
[2.529s] DEBUG:colcon.colcon_core.verb:Building package 'mm_client' with the following arguments: {'ament_cmake_args': None, 'build_base': '/home/nums/uw_mm/build/mm_client', 'catkin_cmake_args': None, 'catkin_skip_building_tests': False, 'cmake_args': None, 'cmake_clean_cache': False, 'cmake_clean_first': False, 'cmake_force_configure': False, 'cmake_target': None, 'cmake_target_skip_unavailable': False, 'install_base': '/home/nums/uw_mm/install/mm_client', 'merge_install': False, 'path': '/home/nums/uw_mm/src/mm_client', 'symlink_install': False, 'test_result_base': None}
[2.531s] Level 5:colcon.colcon_core.verb:set package 'mm_interfaces' build argument 'cmake_args' from command line to 'None'
[2.531s] Level 5:colcon.colcon_core.verb:set package 'mm_interfaces' build argument 'cmake_target' from command line to 'None'
[2.532s] Level 5:colcon.colcon_core.verb:set package 'mm_interfaces' build argument 'cmake_target_skip_unavailable' from command line to 'False'
[2.532s] Level 5:colcon.colcon_core.verb:set package 'mm_interfaces' build argument 'cmake_clean_cache' from command line to 'False'
[2.532s] Level 5:colcon.colcon_core.verb:set package 'mm_interfaces' build argument 'cmake_clean_first' from command line to 'False'
[2.532s] Level 5:colcon.colcon_core.verb:set package 'mm_interfaces' build argument 'cmake_force_configure' from command line to 'False'
[2.532s] Level 5:colcon.colcon_core.verb:set package 'mm_interfaces' build argument 'ament_cmake_args' from command line to 'None'
[2.532s] Level 5:colcon.colcon_core.verb:set package 'mm_interfaces' build argument 'catkin_cmake_args' from command line to 'None'
[2.533s] Level 5:colcon.colcon_core.verb:set package 'mm_interfaces' build argument 'catkin_skip_building_tests' from command line to 'False'
[2.533s] DEBUG:colcon.colcon_core.verb:Building package 'mm_interfaces' with the following arguments: {'ament_cmake_args': None, 'build_base': '/home/nums/uw_mm/build/mm_interfaces', 'catkin_cmake_args': None, 'catkin_skip_building_tests': False, 'cmake_args': None, 'cmake_clean_cache': False, 'cmake_clean_first': False, 'cmake_force_configure': False, 'cmake_target': None, 'cmake_target_skip_unavailable': False, 'install_base': '/home/nums/uw_mm/install/mm_interfaces', 'merge_install': False, 'path': '/home/nums/uw_mm/src/mm_interfaces', 'symlink_install': False, 'test_result_base': None}
[2.534s] INFO:colcon.colcon_core.executor:Executing jobs using 'parallel' executor
[2.538s] DEBUG:colcon.colcon_parallel_executor.executor.parallel:run_until_complete
[2.539s] INFO:colcon.colcon_ros.task.ament_python.build:Building ROS package in '/home/nums/uw_mm/src/mm_client' with build type 'ament_python'
[2.540s] Level 1:colcon.colcon_core.shell:create_environment_hook('mm_client', 'ament_prefix_path')
[2.553s] INFO:colcon.colcon_core.plugin_system:Skipping extension 'colcon_core.shell.bat': Not used on non-Windows systems
[2.554s] INFO:colcon.colcon_core.shell:Creating environment hook '/home/nums/uw_mm/install/mm_client/share/mm_client/hook/ament_prefix_path.ps1'
[2.558s] INFO:colcon.colcon_core.shell:Creating environment descriptor '/home/nums/uw_mm/install/mm_client/share/mm_client/hook/ament_prefix_path.dsv'
[2.561s] INFO:colcon.colcon_core.shell:Creating environment hook '/home/nums/uw_mm/install/mm_client/share/mm_client/hook/ament_prefix_path.sh'
[2.566s] INFO:colcon.colcon_core.shell:Skip shell extension 'powershell' for command environment: Not usable outside of PowerShell
[2.566s] DEBUG:colcon.colcon_core.shell:Skip shell extension 'dsv' for command environment
[2.586s] INFO:colcon.colcon_ros.task.ament_cmake.build:Building ROS package in '/home/nums/uw_mm/src/mm_interfaces' with build type 'ament_cmake'
[2.587s] INFO:colcon.colcon_cmake.task.cmake.build:Building CMake package in '/home/nums/uw_mm/src/mm_interfaces'
[2.588s] INFO:colcon.colcon_core.shell:Skip shell extension 'powershell' for command environment: Not usable outside of PowerShell
[2.589s] DEBUG:colcon.colcon_core.shell:Skip shell extension 'dsv' for command environment
[4.473s] INFO:colcon.colcon_core.task.python.build:Building Python package in '/home/nums/uw_mm/src/mm_client'
[4.474s] INFO:colcon.colcon_core.shell:Skip shell extension 'powershell' for command environment: Not usable outside of PowerShell
[4.474s] DEBUG:colcon.colcon_core.shell:Skip shell extension 'dsv' for command environment
[4.519s] DEBUG:colcon.colcon_core.event_handler.log_command:Invoking command in '/home/nums/uw_mm/build/mm_interfaces': CMAKE_PREFIX_PATH=/home/nums/uw_mm/install/mm_client:/opt/ros/humble /usr/bin/cmake /home/nums/uw_mm/src/mm_interfaces -DCMAKE_INSTALL_PREFIX=/home/nums/uw_mm/install/mm_interfaces
[7.090s] DEBUG:colcon.colcon_core.event_handler.log_command:Invoking command in '/home/nums/uw_mm/src/mm_client': PYTHONPATH=/home/nums/uw_mm/build/mm_client/prefix_override:/usr/lib/python3/dist-packages/colcon_core/task/python/colcon_distutils_commands:/home/nums/uw_mm/install/mm_client/lib/python3.10/site-packages:${PYTHONPATH} /usr/bin/python3 -W ignore:setup.py install is deprecated setup.py egg_info --egg-base ../../build/mm_client build --build-base /home/nums/uw_mm/build/mm_client/build install --record /home/nums/uw_mm/build/mm_client/install.log --single-version-externally-managed install_data
[9.384s] DEBUG:colcon.colcon_core.event_handler.log_command:Invoked command in '/home/nums/uw_mm/src/mm_client' returned '0': PYTHONPATH=/home/nums/uw_mm/build/mm_client/prefix_override:/usr/lib/python3/dist-packages/colcon_core/task/python/colcon_distutils_commands:/home/nums/uw_mm/install/mm_client/lib/python3.10/site-packages:${PYTHONPATH} /usr/bin/python3 -W ignore:setup.py install is deprecated setup.py egg_info --egg-base ../../build/mm_client build --build-base /home/nums/uw_mm/build/mm_client/build install --record /home/nums/uw_mm/build/mm_client/install.log --single-version-externally-managed install_data
[9.399s] Level 1:colcon.colcon_core.environment:checking '/home/nums/uw_mm/install/mm_client' for CMake module files
[9.402s] Level 1:colcon.colcon_core.environment:checking '/home/nums/uw_mm/install/mm_client' for CMake config files
[9.407s] Level 1:colcon.colcon_core.environment:checking '/home/nums/uw_mm/install/mm_client/lib'
[9.409s] Level 1:colcon.colcon_core.environment:checking '/home/nums/uw_mm/install/mm_client/bin'
[9.409s] Level 1:colcon.colcon_core.environment:checking '/home/nums/uw_mm/install/mm_client/lib/pkgconfig/mm_client.pc'
[9.411s] Level 1:colcon.colcon_core.environment:checking '/home/nums/uw_mm/install/mm_client/lib/python3.10/site-packages'
[9.413s] Level 1:colcon.colcon_core.shell:create_environment_hook('mm_client', 'pythonpath')
[9.414s] INFO:colcon.colcon_core.shell:Creating environment hook '/home/nums/uw_mm/install/mm_client/share/mm_client/hook/pythonpath.ps1'
[9.417s] INFO:colcon.colcon_core.shell:Creating environment descriptor '/home/nums/uw_mm/install/mm_client/share/mm_client/hook/pythonpath.dsv'
[9.419s] INFO:colcon.colcon_core.shell:Creating environment hook '/home/nums/uw_mm/install/mm_client/share/mm_client/hook/pythonpath.sh'
[9.423s] Level 1:colcon.colcon_core.environment:checking '/home/nums/uw_mm/install/mm_client/bin'
[9.424s] Level 1:colcon.colcon_core.environment:create_environment_scripts_only(mm_client)
[9.426s] INFO:colcon.colcon_core.shell:Creating package script '/home/nums/uw_mm/install/mm_client/share/mm_client/package.ps1'
[9.433s] INFO:colcon.colcon_core.shell:Creating package descriptor '/home/nums/uw_mm/install/mm_client/share/mm_client/package.dsv'
[9.439s] INFO:colcon.colcon_core.shell:Creating package script '/home/nums/uw_mm/install/mm_client/share/mm_client/package.sh'
[9.445s] INFO:colcon.colcon_core.shell:Creating package script '/home/nums/uw_mm/install/mm_client/share/mm_client/package.bash'
[9.449s] INFO:colcon.colcon_core.shell:Creating package script '/home/nums/uw_mm/install/mm_client/share/mm_client/package.zsh'
[9.453s] Level 1:colcon.colcon_core.environment:create_file_with_runtime_dependencies(/home/nums/uw_mm/install/mm_client/share/colcon-core/packages/mm_client)
[11.619s] DEBUG:colcon.colcon_core.event_handler.log_command:Invoked command in '/home/nums/uw_mm/build/mm_interfaces' returned '0': CMAKE_PREFIX_PATH=/home/nums/uw_mm/install/mm_client:/opt/ros/humble /usr/bin/cmake /home/nums/uw_mm/src/mm_interfaces -DCMAKE_INSTALL_PREFIX=/home/nums/uw_mm/install/mm_interfaces
[11.630s] DEBUG:colcon.colcon_core.event_handler.log_command:Invoking command in '/home/nums/uw_mm/build/mm_interfaces': CMAKE_PREFIX_PATH=/home/nums/uw_mm/install/mm_client:/opt/ros/humble /usr/bin/cmake --build /home/nums/uw_mm/build/mm_interfaces -- -j8 -l8
[26.176s] DEBUG:colcon.colcon_core.event_handler.log_command:Invoked command in '/home/nums/uw_mm/build/mm_interfaces' returned '0': CMAKE_PREFIX_PATH=/home/nums/uw_mm/install/mm_client:/opt/ros/humble /usr/bin/cmake --build /home/nums/uw_mm/build/mm_interfaces -- -j8 -l8
[26.610s] DEBUG:colcon.colcon_core.event_handler.log_command:Invoking command in '/home/nums/uw_mm/build/mm_interfaces': CMAKE_PREFIX_PATH=/home/nums/uw_mm/install/mm_client:/opt/ros/humble /usr/bin/cmake --install /home/nums/uw_mm/build/mm_interfaces
[27.136s] Level 1:colcon.colcon_core.environment:create_environment_scripts_only(mm_interfaces)
[27.139s] Level 1:colcon.colcon_core.environment:checking '/home/nums/uw_mm/install/mm_interfaces' for CMake module files
[27.142s] DEBUG:colcon.colcon_core.event_handler.log_command:Invoked command in '/home/nums/uw_mm/build/mm_interfaces' returned '0': CMAKE_PREFIX_PATH=/home/nums/uw_mm/install/mm_client:/opt/ros/humble /usr/bin/cmake --install /home/nums/uw_mm/build/mm_interfaces
[27.145s] Level 1:colcon.colcon_core.environment:checking '/home/nums/uw_mm/install/mm_interfaces' for CMake config files
[27.147s] Level 1:colcon.colcon_core.shell:create_environment_hook('mm_interfaces', 'cmake_prefix_path')
[27.148s] INFO:colcon.colcon_core.shell:Creating environment hook '/home/nums/uw_mm/install/mm_interfaces/share/mm_interfaces/hook/cmake_prefix_path.ps1'
[27.151s] INFO:colcon.colcon_core.shell:Creating environment descriptor '/home/nums/uw_mm/install/mm_interfaces/share/mm_interfaces/hook/cmake_prefix_path.dsv'
[27.152s] INFO:colcon.colcon_core.shell:Creating environment hook '/home/nums/uw_mm/install/mm_interfaces/share/mm_interfaces/hook/cmake_prefix_path.sh'
[27.156s] Level 1:colcon.colcon_core.environment:checking '/home/nums/uw_mm/install/mm_interfaces/lib'
[27.156s] Level 1:colcon.colcon_core.shell:create_environment_hook('mm_interfaces', 'ld_library_path_lib')
[27.158s] INFO:colcon.colcon_core.shell:Creating environment hook '/home/nums/uw_mm/install/mm_interfaces/share/mm_interfaces/hook/ld_library_path_lib.ps1'
[27.161s] INFO:colcon.colcon_core.shell:Creating environment descriptor '/home/nums/uw_mm/install/mm_interfaces/share/mm_interfaces/hook/ld_library_path_lib.dsv'
[27.163s] INFO:colcon.colcon_core.shell:Creating environment hook '/home/nums/uw_mm/install/mm_interfaces/share/mm_interfaces/hook/ld_library_path_lib.sh'
[27.167s] Level 1:colcon.colcon_core.environment:checking '/home/nums/uw_mm/install/mm_interfaces/bin'
[27.167s] Level 1:colcon.colcon_core.environment:checking '/home/nums/uw_mm/install/mm_interfaces/lib/pkgconfig/mm_interfaces.pc'
[27.169s] Level 1:colcon.colcon_core.environment:checking '/home/nums/uw_mm/install/mm_interfaces/lib/python3.10/site-packages'
[27.171s] Level 1:colcon.colcon_core.environment:checking '/home/nums/uw_mm/install/mm_interfaces/bin'
[27.173s] INFO:colcon.colcon_core.shell:Creating package script '/home/nums/uw_mm/install/mm_interfaces/share/mm_interfaces/package.ps1'
[27.176s] INFO:colcon.colcon_core.shell:Creating package descriptor '/home/nums/uw_mm/install/mm_interfaces/share/mm_interfaces/package.dsv'
[27.178s] INFO:colcon.colcon_core.shell:Creating package script '/home/nums/uw_mm/install/mm_interfaces/share/mm_interfaces/package.sh'
[27.181s] INFO:colcon.colcon_core.shell:Creating package script '/home/nums/uw_mm/install/mm_interfaces/share/mm_interfaces/package.bash'
[27.183s] INFO:colcon.colcon_core.shell:Creating package script '/home/nums/uw_mm/install/mm_interfaces/share/mm_interfaces/package.zsh'
[27.185s] Level 1:colcon.colcon_core.environment:create_file_with_runtime_dependencies(/home/nums/uw_mm/install/mm_interfaces/share/colcon-core/packages/mm_interfaces)
[27.611s] Level 1:colcon.colcon_core.environment:create_environment_scripts_only(mm_interfaces)
[27.615s] Level 1:colcon.colcon_core.environment:checking '/home/nums/uw_mm/install/mm_interfaces' for CMake module files
[27.623s] Level 1:colcon.colcon_core.environment:checking '/home/nums/uw_mm/install/mm_interfaces' for CMake config files
[27.626s] Level 1:colcon.colcon_core.shell:create_environment_hook('mm_interfaces', 'cmake_prefix_path')
[27.628s] INFO:colcon.colcon_core.shell:Creating environment hook '/home/nums/uw_mm/install/mm_interfaces/share/mm_interfaces/hook/cmake_prefix_path.ps1'
[27.634s] INFO:colcon.colcon_core.shell:Creating environment descriptor '/home/nums/uw_mm/install/mm_interfaces/share/mm_interfaces/hook/cmake_prefix_path.dsv'
[27.636s] INFO:colcon.colcon_core.shell:Creating environment hook '/home/nums/uw_mm/install/mm_interfaces/share/mm_interfaces/hook/cmake_prefix_path.sh'
[27.639s] Level 1:colcon.colcon_core.environment:checking '/home/nums/uw_mm/install/mm_interfaces/lib'
[27.640s] Level 1:colcon.colcon_core.shell:create_environment_hook('mm_interfaces', 'ld_library_path_lib')
[27.641s] INFO:colcon.colcon_core.shell:Creating environment hook '/home/nums/uw_mm/install/mm_interfaces/share/mm_interfaces/hook/ld_library_path_lib.ps1'
[27.644s] INFO:colcon.colcon_core.shell:Creating environment descriptor '/home/nums/uw_mm/install/mm_interfaces/share/mm_interfaces/hook/ld_library_path_lib.dsv'
[27.648s] INFO:colcon.colcon_core.shell:Creating environment hook '/home/nums/uw_mm/install/mm_interfaces/share/mm_interfaces/hook/ld_library_path_lib.sh'
[27.653s] Level 1:colcon.colcon_core.environment:checking '/home/nums/uw_mm/install/mm_interfaces/bin'
[27.654s] Level 1:colcon.colcon_core.environment:checking '/home/nums/uw_mm/install/mm_interfaces/lib/pkgconfig/mm_interfaces.pc'
[27.655s] Level 1:colcon.colcon_core.environment:checking '/home/nums/uw_mm/install/mm_interfaces/lib/python3.10/site-packages'
[27.657s] Level 1:colcon.colcon_core.environment:checking '/home/nums/uw_mm/install/mm_interfaces/bin'
[27.659s] INFO:colcon.colcon_core.shell:Creating package script '/home/nums/uw_mm/install/mm_interfaces/share/mm_interfaces/package.ps1'
[27.662s] INFO:colcon.colcon_core.shell:Creating package descriptor '/home/nums/uw_mm/install/mm_interfaces/share/mm_interfaces/package.dsv'
[27.665s] INFO:colcon.colcon_core.shell:Creating package script '/home/nums/uw_mm/install/mm_interfaces/share/mm_interfaces/package.sh'
[27.668s] INFO:colcon.colcon_core.shell:Creating package script '/home/nums/uw_mm/install/mm_interfaces/share/mm_interfaces/package.bash'
[27.671s] INFO:colcon.colcon_core.shell:Creating package script '/home/nums/uw_mm/install/mm_interfaces/share/mm_interfaces/package.zsh'
[27.673s] Level 1:colcon.colcon_core.environment:create_file_with_runtime_dependencies(/home/nums/uw_mm/install/mm_interfaces/share/colcon-core/packages/mm_interfaces)
[27.675s] DEBUG:colcon.colcon_parallel_executor.executor.parallel:closing loop
[27.678s] DEBUG:colcon.colcon_parallel_executor.executor.parallel:loop closed
[27.679s] DEBUG:colcon.colcon_parallel_executor.executor.parallel:run_until_complete finished with '0'
[27.680s] DEBUG:colcon.colcon_core.event_reactor:joining thread
[27.728s] INFO:colcon.colcon_core.plugin_system:Skipping extension 'colcon_notification.desktop_notification.terminal_notifier': Not used on non-Darwin systems
[27.729s] INFO:colcon.colcon_core.plugin_system:Skipping extension 'colcon_notification.desktop_notification.win32': Not used on non-Windows systems
[27.730s] INFO:colcon.colcon_notification.desktop_notification:Sending desktop notification using 'notify2'
[27.789s] DEBUG:colcon.colcon_core.event_reactor:joined thread
[27.791s] INFO:colcon.colcon_core.shell:Creating prefix script '/home/nums/uw_mm/install/local_setup.ps1'
[27.797s] INFO:colcon.colcon_core.shell:Creating prefix util module '/home/nums/uw_mm/install/_local_setup_util_ps1.py'
[27.805s] INFO:colcon.colcon_core.shell:Creating prefix chain script '/home/nums/uw_mm/install/setup.ps1'
[27.812s] INFO:colcon.colcon_core.shell:Creating prefix script '/home/nums/uw_mm/install/local_setup.sh'
[27.816s] INFO:colcon.colcon_core.shell:Creating prefix util module '/home/nums/uw_mm/install/_local_setup_util_sh.py'
[27.819s] INFO:colcon.colcon_core.shell:Creating prefix chain script '/home/nums/uw_mm/install/setup.sh'
[27.825s] INFO:colcon.colcon_core.shell:Creating prefix script '/home/nums/uw_mm/install/local_setup.bash'
[27.828s] INFO:colcon.colcon_core.shell:Creating prefix chain script '/home/nums/uw_mm/install/setup.bash'
[27.833s] INFO:colcon.colcon_core.shell:Creating prefix script '/home/nums/uw_mm/install/local_setup.zsh'
[27.837s] INFO:colcon.colcon_core.shell:Creating prefix chain script '/home/nums/uw_mm/install/setup.zsh'
