[4.397s] Invoking command in '/home/nums/uw_mm/src/mm_client': PYTHONPATH=/home/nums/uw_mm/build/mm_client/prefix_override:/usr/lib/python3/dist-packages/colcon_core/task/python/colcon_distutils_commands:/home/nums/uw_mm/install/mm_client/lib/python3.10/site-packages:${PYTHONPATH} /usr/bin/python3 -W ignore:setup.py install is deprecated setup.py egg_info --egg-base ../../build/mm_client build --build-base /home/nums/uw_mm/build/mm_client/build install --record /home/nums/uw_mm/build/mm_client/install.log --single-version-externally-managed install_data
[6.180s] running egg_info
[6.187s] writing ../../build/mm_client/mm_client.egg-info/PKG-INFO
[6.189s] writing dependency_links to ../../build/mm_client/mm_client.egg-info/dependency_links.txt
[6.190s] writing entry points to ../../build/mm_client/mm_client.egg-info/entry_points.txt
[6.192s] writing requirements to ../../build/mm_client/mm_client.egg-info/requires.txt
[6.193s] writing top-level names to ../../build/mm_client/mm_client.egg-info/top_level.txt
[6.204s] reading manifest file '../../build/mm_client/mm_client.egg-info/SOURCES.txt'
[6.210s] writing manifest file '../../build/mm_client/mm_client.egg-info/SOURCES.txt'
[6.211s] running build
[6.213s] running build_py
[6.214s] copying mm_client/mm_client_node.py -> /home/nums/uw_mm/build/mm_client/build/lib/mm_client
[6.220s] running install
[6.222s] running install_lib
[6.228s] copying /home/nums/uw_mm/build/mm_client/build/lib/mm_client/mm_client_node.py -> /home/nums/uw_mm/install/mm_client/lib/python3.10/site-packages/mm_client
[6.232s] byte-compiling /home/nums/uw_mm/install/mm_client/lib/python3.10/site-packages/mm_client/mm_client_node.py to mm_client_node.cpython-310.pyc
[6.236s] running install_data
[6.237s] running install_egg_info
[6.251s] removing '/home/nums/uw_mm/install/mm_client/lib/python3.10/site-packages/mm_client-0.0.0-py3.10.egg-info' (and everything under it)
[6.254s] Copying ../../build/mm_client/mm_client.egg-info to /home/nums/uw_mm/install/mm_client/lib/python3.10/site-packages/mm_client-0.0.0-py3.10.egg-info
[6.260s] running install_scripts
[6.390s] Installing mm_client_node script to /home/nums/uw_mm/install/mm_client/lib/mm_client
[6.394s] writing list of installed files to '/home/nums/uw_mm/build/mm_client/install.log'
[6.506s] Invoked command in '/home/nums/uw_mm/src/mm_client' returned '0': PYTHONPATH=/home/nums/uw_mm/build/mm_client/prefix_override:/usr/lib/python3/dist-packages/colcon_core/task/python/colcon_distutils_commands:/home/nums/uw_mm/install/mm_client/lib/python3.10/site-packages:${PYTHONPATH} /usr/bin/python3 -W ignore:setup.py install is deprecated setup.py egg_info --egg-base ../../build/mm_client build --build-base /home/nums/uw_mm/build/mm_client/build install --record /home/nums/uw_mm/build/mm_client/install.log --single-version-externally-managed install_data
