[2.042s] Invoking command in '/home/nums/uw_mm/build/mm_interfaces': CMAKE_PREFIX_PATH=/home/nums/uw_mm/install/mm_client:/opt/ros/humble /usr/bin/cmake /home/nums/uw_mm/src/mm_interfaces -DCMAKE_INSTALL_PREFIX=/home/nums/uw_mm/install/mm_interfaces
[2.119s] -- Found ament_cmake: 1.3.9 (/opt/ros/humble/share/ament_cmake/cmake)
[3.175s] -- Found rosidl_default_generators: 1.2.0 (/opt/ros/humble/share/rosidl_default_generators/cmake)
[3.186s] -- Using all available rosidl_typesupport_c: rosidl_typesupport_fastrtps_c;rosidl_typesupport_introspection_c
[3.212s] -- Found rosidl_adapter: 3.1.5 (/opt/ros/humble/share/rosidl_adapter/cmake)
[3.600s] -- Using all available rosidl_typesupport_cpp: rosidl_typesupport_fastrtps_cpp;rosidl_typesupport_introspection_cpp
[4.888s] [31mCMake Error at /opt/ros/humble/share/rosidl_adapter/cmake/rosidl_adapt_interfaces.cmake:59 (message):
[4.889s]   execute_process(/usr/bin/python3 -m rosidl_adapter --package-name
[4.890s]   mm_interfaces --arguments-file
[4.891s]   /home/nums/uw_mm/build/mm_interfaces/rosidl_adapter__arguments__mm_interfaces.json
[4.892s]   --output-dir
[4.893s]   /home/nums/uw_mm/build/mm_interfaces/rosidl_adapter/mm_interfaces
[4.894s]   --output-file
[4.894s]   /home/nums/uw_mm/build/mm_interfaces/rosidl_adapter/mm_interfaces.idls)
[4.895s]   returned error code 1:
[4.896s] 
[4.897s]   Error processing 'bool RTr' of 'mm_interfaces/JoystickButtons': ''RTr' is
[4.898s]   an invalid field name.  It should have the pattern
[4.899s]   '^(?!.*__)(?!.*_$)[a-z][a-z0-9_]*$''
[4.900s] 
[4.900s]   Traceback (most recent call last):
[4.901s] 
[4.903s]     File "/usr/lib/python3.10/runpy.py", line 196, in _run_module_as_main
[4.904s]       return _run_code(code, main_globals, None,
[4.905s]     File "/usr/lib/python3.10/runpy.py", line 86, in _run_code
[4.906s]       exec(code, run_globals)
[4.906s]     File "/opt/ros/humble/local/lib/python3.10/dist-packages/rosidl_adapter/__main__.py", line 19, in <module>
[4.907s]       sys.exit(main())
[4.908s]     File "/opt/ros/humble/local/lib/python3.10/dist-packages/rosidl_adapter/main.py", line 53, in main
[4.909s]       abs_idl_file = convert_to_idl(
[4.910s]     File "/opt/ros/humble/local/lib/python3.10/dist-packages/rosidl_adapter/__init__.py", line 19, in convert_to_idl
[4.911s]       return convert_msg_to_idl(
[4.911s]     File "/opt/ros/humble/local/lib/python3.10/dist-packages/rosidl_adapter/msg/__init__.py", line 28, in convert_msg_to_idl
[4.912s]       msg = parse_message_string(package_name, input_file.stem, content)
[4.913s]     File "/opt/ros/humble/local/lib/python3.10/dist-packages/rosidl_adapter/parser.py", line 519, in parse_message_string
[4.914s]       fields.append(Field(
[4.915s]     File "/opt/ros/humble/local/lib/python3.10/dist-packages/rosidl_adapter/parser.py", line 354, in __init__
[4.916s]       raise NameError(
[4.917s] 
[4.918s]   NameError: 'RTr' is an invalid field name.  It should have the pattern
[4.918s]   '^(?!.*__)(?!.*_$)[a-z][a-z0-9_]*$'
[4.919s] 
[4.920s] Call Stack (most recent call first):
[4.921s]   /opt/ros/humble/share/rosidl_cmake/cmake/rosidl_generate_interfaces.cmake:130 (rosidl_adapt_interfaces)
[4.923s]   CMakeLists.txt:12 (rosidl_generate_interfaces)
[4.924s] 
[4.925s] [0m
[4.927s] -- Configuring incomplete, errors occurred!
[4.928s] See also "/home/nums/uw_mm/build/mm_interfaces/CMakeFiles/CMakeOutput.log".
[4.931s] Invoked command in '/home/nums/uw_mm/build/mm_interfaces' returned '1': CMAKE_PREFIX_PATH=/home/nums/uw_mm/install/mm_client:/opt/ros/humble /usr/bin/cmake /home/nums/uw_mm/src/mm_interfaces -DCMAKE_INSTALL_PREFIX=/home/nums/uw_mm/install/mm_interfaces
