[4.586s] Invoking command in '/home/nums/uw_mm/src/mm_client': PYTHONPATH=/home/nums/uw_mm/build/mm_client/prefix_override:/usr/lib/python3/dist-packages/colcon_core/task/python/colcon_distutils_commands:/home/nums/uw_mm/install/mm_client/lib/python3.10/site-packages:${PYTHONPATH} /usr/bin/python3 -W ignore:setup.py install is deprecated setup.py egg_info --egg-base ../../build/mm_client build --build-base /home/nums/uw_mm/build/mm_client/build install --record /home/nums/uw_mm/build/mm_client/install.log --single-version-externally-managed install_data
[6.336s] running egg_info
[6.341s] writing ../../build/mm_client/mm_client.egg-info/PKG-INFO
[6.342s] writing dependency_links to ../../build/mm_client/mm_client.egg-info/dependency_links.txt
[6.343s] writing entry points to ../../build/mm_client/mm_client.egg-info/entry_points.txt
[6.345s] writing requirements to ../../build/mm_client/mm_client.egg-info/requires.txt
[6.346s] writing top-level names to ../../build/mm_client/mm_client.egg-info/top_level.txt
[6.358s] reading manifest file '../../build/mm_client/mm_client.egg-info/SOURCES.txt'
[6.365s] writing manifest file '../../build/mm_client/mm_client.egg-info/SOURCES.txt'
[6.366s] running build
[6.367s] running build_py
[6.371s] copying mm_client/oculus_reader/oculus_reader/reader.py -> /home/nums/uw_mm/build/mm_client/build/lib/mm_client/oculus_reader/oculus_reader
[6.375s] running install
[6.377s] running install_lib
[6.383s] copying /home/nums/uw_mm/build/mm_client/build/lib/mm_client/oculus_reader/oculus_reader/reader.py -> /home/nums/uw_mm/install/mm_client/lib/python3.10/site-packages/mm_client/oculus_reader/oculus_reader
[6.388s] byte-compiling /home/nums/uw_mm/install/mm_client/lib/python3.10/site-packages/mm_client/oculus_reader/oculus_reader/reader.py to reader.cpython-310.pyc
[6.400s] running install_data
[6.401s] running install_egg_info
[6.416s] removing '/home/nums/uw_mm/install/mm_client/lib/python3.10/site-packages/mm_client-0.0.0-py3.10.egg-info' (and everything under it)
[6.418s] Copying ../../build/mm_client/mm_client.egg-info to /home/nums/uw_mm/install/mm_client/lib/python3.10/site-packages/mm_client-0.0.0-py3.10.egg-info
[6.424s] running install_scripts
[6.549s] Installing mm_client_node script to /home/nums/uw_mm/install/mm_client/lib/mm_client
[6.553s] writing list of installed files to '/home/nums/uw_mm/build/mm_client/install.log'
[6.661s] Invoked command in '/home/nums/uw_mm/src/mm_client' returned '0': PYTHONPATH=/home/nums/uw_mm/build/mm_client/prefix_override:/usr/lib/python3/dist-packages/colcon_core/task/python/colcon_distutils_commands:/home/nums/uw_mm/install/mm_client/lib/python3.10/site-packages:${PYTHONPATH} /usr/bin/python3 -W ignore:setup.py install is deprecated setup.py egg_info --egg-base ../../build/mm_client build --build-base /home/nums/uw_mm/build/mm_client/build install --record /home/nums/uw_mm/build/mm_client/install.log --single-version-externally-managed install_data
